<?xml version="1.0" encoding="UTF-8"?>
<coverage generated="1502452164745" clover="3.2.0">
  <project timestamp="1502452164745" name="All files">
    <metrics statements="449" coveredstatements="329" conditionals="129" coveredconditionals="92" methods="174" coveredmethods="107" elements="752" coveredelements="528" complexity="0" loc="449" ncloc="449" packages="5" files="18" classes="18">
      <package name="actions">
        <metrics statements="225" coveredstatements="153" conditionals="15" coveredconditionals="12" methods="109" coveredmethods="63"/>
        <file name="documentActions.js" path="/Users/andeladeveloper/Documents/AndelaProjects/DocManager/client/actions/documentActions.js">
          <metrics statements="122" coveredstatements="60" conditionals="14" coveredconditionals="12" methods="70" coveredmethods="30"/>
          <line num="8" count="3" type="stmt"/>
          <line num="18" count="3" type="stmt"/>
          <line num="28" count="3" type="stmt"/>
          <line num="39" count="3" type="stmt"/>
          <line num="40" count="2" type="stmt"/>
          <line num="41" count="2" type="stmt"/>
          <line num="43" count="0" type="stmt"/>
          <line num="44" count="0" type="stmt"/>
          <line num="47" count="0" type="stmt"/>
          <line num="48" count="0" type="stmt"/>
          <line num="57" count="3" type="stmt"/>
          <line num="68" count="3" type="stmt"/>
          <line num="80" count="3" type="stmt"/>
          <line num="91" count="3" type="stmt"/>
          <line num="92" count="0" type="stmt"/>
          <line num="93" count="0" type="stmt"/>
          <line num="94" count="0" type="stmt"/>
          <line num="95" count="0" type="stmt"/>
          <line num="97" count="0" type="stmt"/>
          <line num="99" count="0" type="stmt"/>
          <line num="101" count="0" type="stmt"/>
          <line num="102" count="0" type="stmt"/>
          <line num="112" count="3" type="stmt"/>
          <line num="123" count="3" type="stmt"/>
          <line num="135" count="3" type="stmt"/>
          <line num="145" count="3" type="stmt"/>
          <line num="146" count="0" type="stmt"/>
          <line num="147" count="0" type="stmt"/>
          <line num="148" count="0" type="stmt"/>
          <line num="150" count="0" type="stmt"/>
          <line num="154" count="0" type="stmt"/>
          <line num="165" count="3" type="stmt"/>
          <line num="179" count="3" type="stmt"/>
          <line num="192" count="3" type="stmt"/>
          <line num="204" count="3" type="stmt"/>
          <line num="205" count="0" type="stmt"/>
          <line num="206" count="0" type="stmt"/>
          <line num="207" count="0" type="stmt"/>
          <line num="210" count="0" type="stmt"/>
          <line num="214" count="0" type="stmt"/>
          <line num="224" count="3" type="stmt"/>
          <line num="235" count="3" type="stmt"/>
          <line num="247" count="3" type="stmt"/>
          <line num="258" count="3" type="stmt"/>
          <line num="259" count="0" type="stmt"/>
          <line num="260" count="0" type="cond" truecount="0" falsecount="2"/>
          <line num="263" count="0" type="stmt"/>
          <line num="264" count="0" type="stmt"/>
          <line num="265" count="0" type="stmt"/>
          <line num="269" count="0" type="stmt"/>
          <line num="279" count="3" type="stmt"/>
          <line num="290" count="3" type="stmt"/>
          <line num="301" count="3" type="stmt"/>
          <line num="312" count="3" type="stmt"/>
          <line num="313" count="0" type="stmt"/>
          <line num="314" count="0" type="stmt"/>
          <line num="315" count="0" type="stmt"/>
          <line num="317" count="0" type="stmt"/>
          <line num="318" count="0" type="stmt"/>
          <line num="321" count="0" type="stmt"/>
          <line num="322" count="0" type="stmt"/>
          <line num="332" count="3" type="stmt"/>
          <line num="343" count="3" type="stmt"/>
          <line num="344" count="0" type="stmt"/>
          <line num="352" count="3" type="stmt"/>
          <line num="362" count="3" type="stmt"/>
          <line num="373" count="3" type="stmt"/>
          <line num="377" count="3" type="stmt"/>
          <line num="378" count="0" type="stmt"/>
          <line num="379" count="0" type="stmt"/>
          <line num="380" count="0" type="stmt"/>
          <line num="383" count="0" type="stmt"/>
          <line num="384" count="0" type="stmt"/>
          <line num="387" count="0" type="stmt"/>
          <line num="388" count="0" type="stmt"/>
          <line num="398" count="3" type="stmt"/>
          <line num="410" count="3" type="stmt"/>
          <line num="422" count="3" type="stmt"/>
          <line num="433" count="3" type="stmt"/>
          <line num="434" count="0" type="stmt"/>
          <line num="435" count="0" type="stmt"/>
          <line num="436" count="0" type="stmt"/>
          <line num="439" count="0" type="stmt"/>
          <line num="440" count="0" type="stmt"/>
          <line num="443" count="0" type="stmt"/>
          <line num="444" count="0" type="stmt"/>
          <line num="460" count="3" type="stmt"/>
          <line num="474" count="3" type="stmt"/>
          <line num="484" count="3" type="stmt"/>
          <line num="485" count="0" type="stmt"/>
          <line num="486" count="0" type="stmt"/>
          <line num="487" count="0" type="stmt"/>
          <line num="490" count="0" type="stmt"/>
          <line num="494" count="0" type="stmt"/>
          <line num="495" count="0" type="stmt"/>
          <line num="510" count="3" type="stmt"/>
          <line num="511" count="8" type="stmt"/>
          <line num="512" count="8" type="stmt"/>
          <line num="513" count="8" type="stmt"/>
          <line num="514" count="8" type="cond" truecount="8" falsecount="0"/>
          <line num="516" count="1" type="stmt"/>
          <line num="517" count="1" type="stmt"/>
          <line num="518" count="1" type="stmt"/>
          <line num="520" count="1" type="stmt"/>
          <line num="521" count="1" type="stmt"/>
          <line num="522" count="1" type="stmt"/>
          <line num="527" count="3" type="stmt"/>
          <line num="528" count="3" type="stmt"/>
          <line num="529" count="3" type="stmt"/>
          <line num="531" count="2" type="cond" truecount="2" falsecount="0"/>
          <line num="534" count="2" type="stmt"/>
          <line num="536" count="1" type="stmt"/>
          <line num="537" count="1" type="stmt"/>
          <line num="538" count="1" type="stmt"/>
          <line num="540" count="8" type="stmt"/>
          <line num="554" count="3" type="stmt"/>
          <line num="555" count="0" type="stmt"/>
          <line num="556" count="0" type="stmt"/>
          <line num="557" count="0" type="stmt"/>
          <line num="560" count="0" type="stmt"/>
          <line num="564" count="0" type="stmt"/>
          <line num="565" count="0" type="stmt"/>
        </file>
        <file name="types.js" path="/Users/andeladeveloper/Documents/AndelaProjects/DocManager/client/actions/types.js">
          <metrics statements="44" coveredstatements="44" conditionals="0" coveredconditionals="0" methods="0" coveredmethods="0"/>
          <line num="1" count="6" type="stmt"/>
          <line num="2" count="6" type="stmt"/>
          <line num="3" count="6" type="stmt"/>
          <line num="5" count="6" type="stmt"/>
          <line num="6" count="6" type="stmt"/>
          <line num="7" count="6" type="stmt"/>
          <line num="9" count="6" type="stmt"/>
          <line num="10" count="6" type="stmt"/>
          <line num="11" count="6" type="stmt"/>
          <line num="13" count="6" type="stmt"/>
          <line num="14" count="6" type="stmt"/>
          <line num="15" count="6" type="stmt"/>
          <line num="17" count="6" type="stmt"/>
          <line num="18" count="6" type="stmt"/>
          <line num="19" count="6" type="stmt"/>
          <line num="21" count="6" type="stmt"/>
          <line num="22" count="6" type="stmt"/>
          <line num="23" count="6" type="stmt"/>
          <line num="25" count="6" type="stmt"/>
          <line num="26" count="6" type="stmt"/>
          <line num="27" count="6" type="stmt"/>
          <line num="29" count="6" type="stmt"/>
          <line num="31" count="6" type="stmt"/>
          <line num="32" count="6" type="stmt"/>
          <line num="33" count="6" type="stmt"/>
          <line num="35" count="6" type="stmt"/>
          <line num="36" count="6" type="stmt"/>
          <line num="37" count="6" type="stmt"/>
          <line num="39" count="6" type="stmt"/>
          <line num="40" count="6" type="stmt"/>
          <line num="41" count="6" type="stmt"/>
          <line num="43" count="6" type="stmt"/>
          <line num="44" count="6" type="stmt"/>
          <line num="45" count="6" type="stmt"/>
          <line num="47" count="6" type="stmt"/>
          <line num="48" count="6" type="stmt"/>
          <line num="50" count="6" type="stmt"/>
          <line num="51" count="6" type="stmt"/>
          <line num="52" count="6" type="stmt"/>
          <line num="54" count="6" type="stmt"/>
          <line num="55" count="6" type="stmt"/>
          <line num="57" count="6" type="stmt"/>
          <line num="58" count="6" type="stmt"/>
          <line num="60" count="6" type="stmt"/>
        </file>
        <file name="userActions.js" path="/Users/andeladeveloper/Documents/AndelaProjects/DocManager/client/actions/userActions.js">
          <metrics statements="59" coveredstatements="49" conditionals="1" coveredconditionals="0" methods="39" coveredmethods="33"/>
          <line num="8" count="3" type="stmt"/>
          <line num="17" count="2" type="stmt"/>
          <line num="27" count="2" type="stmt"/>
          <line num="37" count="4" type="stmt"/>
          <line num="47" count="2" type="stmt"/>
          <line num="48" count="2" type="stmt"/>
          <line num="49" count="2" type="stmt"/>
          <line num="51" count="1" type="stmt"/>
          <line num="52" count="1" type="stmt"/>
          <line num="53" count="1" type="stmt"/>
          <line num="54" count="1" type="stmt"/>
          <line num="57" count="1" type="stmt"/>
          <line num="58" count="1" type="stmt"/>
          <line num="67" count="3" type="stmt"/>
          <line num="76" count="2" type="stmt"/>
          <line num="86" count="2" type="stmt"/>
          <line num="96" count="2" type="stmt"/>
          <line num="97" count="2" type="stmt"/>
          <line num="98" count="2" type="stmt"/>
          <line num="99" count="2" type="stmt"/>
          <line num="101" count="1" type="stmt"/>
          <line num="102" count="1" type="stmt"/>
          <line num="103" count="1" type="stmt"/>
          <line num="106" count="1" type="stmt"/>
          <line num="107" count="1" type="stmt"/>
          <line num="115" count="2" type="stmt"/>
          <line num="128" count="2" type="stmt"/>
          <line num="129" count="1" type="stmt"/>
          <line num="144" count="2" type="stmt"/>
          <line num="156" count="2" type="cond" truecount="0" falsecount="1"/>
          <line num="157" count="2" type="stmt"/>
          <line num="158" count="2" type="stmt"/>
          <line num="159" count="2" type="stmt"/>
          <line num="161" count="0" type="stmt"/>
          <line num="165" count="0" type="stmt"/>
          <line num="175" count="3" type="stmt"/>
          <line num="186" count="2" type="stmt"/>
          <line num="198" count="2" type="stmt"/>
          <line num="203" count="2" type="stmt"/>
          <line num="204" count="2" type="stmt"/>
          <line num="205" count="2" type="stmt"/>
          <line num="206" count="2" type="stmt"/>
          <line num="208" count="0" type="stmt"/>
          <line num="209" count="0" type="stmt"/>
          <line num="212" count="0" type="stmt"/>
          <line num="213" count="0" type="stmt"/>
          <line num="223" count="2" type="stmt"/>
          <line num="234" count="2" type="stmt"/>
          <line num="235" count="1" type="stmt"/>
          <line num="246" count="2" type="stmt"/>
          <line num="257" count="2" type="stmt"/>
          <line num="268" count="2" type="stmt"/>
          <line num="269" count="2" type="stmt"/>
          <line num="270" count="2" type="stmt"/>
          <line num="272" count="0" type="stmt"/>
          <line num="273" count="0" type="stmt"/>
          <line num="276" count="0" type="stmt"/>
          <line num="278" count="0" type="stmt"/>
          <line num="286" count="2" type="stmt"/>
        </file>
      </package>
      <package name="components.container">
        <metrics statements="2" coveredstatements="2" conditionals="0" coveredconditionals="0" methods="2" coveredmethods="0"/>
        <file name="Auth.jsx" path="/Users/andeladeveloper/Documents/AndelaProjects/DocManager/client/components/container/Auth.jsx">
          <metrics statements="1" coveredstatements="1" conditionals="0" coveredconditionals="0" methods="1" coveredmethods="0"/>
          <line num="9" count="1" type="stmt"/>
        </file>
        <file name="Search.jsx" path="/Users/andeladeveloper/Documents/AndelaProjects/DocManager/client/components/container/Search.jsx">
          <metrics statements="1" coveredstatements="1" conditionals="0" coveredconditionals="0" methods="1" coveredmethods="0"/>
          <line num="7" count="1" type="stmt"/>
        </file>
      </package>
      <package name="components.presentation">
        <metrics statements="150" coveredstatements="109" conditionals="44" coveredconditionals="21" methods="50" coveredmethods="33"/>
        <file name="Authenticate.jsx" path="/Users/andeladeveloper/Documents/AndelaProjects/DocManager/client/components/presentation/Authenticate.jsx">
          <metrics statements="21" coveredstatements="4" conditionals="0" coveredconditionals="0" methods="7" coveredmethods="0"/>
          <line num="13" count="1" type="stmt"/>
          <line num="14" count="0" type="stmt"/>
          <line num="15" count="0" type="stmt"/>
          <line num="16" count="0" type="stmt"/>
          <line num="17" count="0" type="stmt"/>
          <line num="18" count="0" type="stmt"/>
          <line num="19" count="0" type="stmt"/>
          <line num="20" count="0" type="stmt"/>
          <line num="29" count="1" type="stmt"/>
          <line num="30" count="0" type="stmt"/>
          <line num="31" count="0" type="stmt"/>
          <line num="32" count="0" type="stmt"/>
          <line num="33" count="0" type="stmt"/>
          <line num="34" count="0" type="stmt"/>
          <line num="35" count="0" type="stmt"/>
          <line num="36" count="0" type="stmt"/>
          <line num="44" count="1" type="stmt"/>
          <line num="46" count="0" type="stmt"/>
          <line num="53" count="0" type="stmt"/>
          <line num="61" count="0" type="stmt"/>
          <line num="88" count="1" type="stmt"/>
        </file>
        <file name="DocumentPreview.jsx" path="/Users/andeladeveloper/Documents/AndelaProjects/DocManager/client/components/presentation/DocumentPreview.jsx">
          <metrics statements="24" coveredstatements="15" conditionals="15" coveredconditionals="9" methods="12" coveredmethods="7"/>
          <line num="13" count="2" type="stmt"/>
          <line num="14" count="1" type="stmt"/>
          <line num="25" count="0" type="stmt"/>
          <line num="26" count="0" type="stmt"/>
          <line num="28" count="0" type="cond" truecount="0" falsecount="2"/>
          <line num="29" count="0" type="stmt"/>
          <line num="31" count="0" type="stmt"/>
          <line num="37" count="0" type="stmt"/>
          <line num="54" count="2" type="stmt"/>
          <line num="56" count="1" type="stmt"/>
          <line num="57" count="1" type="stmt"/>
          <line num="58" count="1" type="stmt"/>
          <line num="65" count="2" type="stmt"/>
          <line num="69" count="8" type="stmt"/>
          <line num="87" count="2" type="stmt"/>
          <line num="88" count="2" type="stmt"/>
          <line num="90" count="2" type="cond" truecount="0" falsecount="2"/>
          <line num="91" count="0" type="stmt"/>
          <line num="93" count="0" type="stmt"/>
          <line num="112" count="1" type="stmt"/>
          <line num="113" count="1" type="stmt"/>
          <line num="121" count="8" type="stmt"/>
          <line num="133" count="0" type="stmt"/>
          <line num="141" count="2" type="stmt"/>
        </file>
        <file name="DocumentView.jsx" path="/Users/andeladeveloper/Documents/AndelaProjects/DocManager/client/components/presentation/DocumentView.jsx">
          <metrics statements="4" coveredstatements="4" conditionals="2" coveredconditionals="2" methods="1" coveredmethods="1"/>
          <line num="7" count="1" type="stmt"/>
          <line num="10" count="2" type="cond" truecount="2" falsecount="0"/>
          <line num="38" count="2" type="stmt"/>
          <line num="45" count="1" type="stmt"/>
        </file>
        <file name="ErrorPage.jsx" path="/Users/andeladeveloper/Documents/AndelaProjects/DocManager/client/components/presentation/ErrorPage.jsx">
          <metrics statements="2" coveredstatements="2" conditionals="0" coveredconditionals="0" methods="1" coveredmethods="1"/>
          <line num="3" count="1" type="stmt"/>
          <line num="4" count="1" type="stmt"/>
        </file>
        <file name="Home.jsx" path="/Users/andeladeveloper/Documents/AndelaProjects/DocManager/client/components/presentation/Home.jsx">
          <metrics statements="2" coveredstatements="2" conditionals="0" coveredconditionals="0" methods="1" coveredmethods="1"/>
          <line num="9" count="1" type="stmt"/>
          <line num="10" count="1" type="stmt"/>
        </file>
        <file name="ReadDocument.jsx" path="/Users/andeladeveloper/Documents/AndelaProjects/DocManager/client/components/presentation/ReadDocument.jsx">
          <metrics statements="33" coveredstatements="26" conditionals="13" coveredconditionals="5" methods="10" coveredmethods="7"/>
          <line num="8" count="1" type="stmt"/>
          <line num="9" count="1" type="stmt"/>
          <line num="10" count="1" type="stmt"/>
          <line num="11" count="1" type="cond" truecount="1" falsecount="1"/>
          <line num="12" count="1" type="stmt"/>
          <line num="13" count="1" type="stmt"/>
          <line num="14" count="1" type="stmt"/>
          <line num="18" count="1" type="stmt"/>
          <line num="19" count="1" type="stmt"/>
          <line num="20" count="1" type="cond" truecount="1" falsecount="1"/>
          <line num="21" count="1" type="stmt"/>
          <line num="23" count="1" type="cond" truecount="1" falsecount="1"/>
          <line num="24" count="0" type="stmt"/>
          <line num="26" count="1" type="stmt"/>
          <line num="28" count="1" type="cond" truecount="0" falsecount="2"/>
          <line num="29" count="0" type="stmt"/>
          <line num="35" count="0" type="stmt"/>
          <line num="37" count="0" type="stmt"/>
          <line num="47" count="1" type="stmt"/>
          <line num="48" count="0" type="stmt"/>
          <line num="51" count="1" type="stmt"/>
          <line num="54" count="1" type="stmt"/>
          <line num="60" count="1" type="stmt"/>
          <line num="87" count="0" type="stmt"/>
          <line num="88" count="0" type="stmt"/>
          <line num="97" count="1" type="stmt"/>
          <line num="98" count="1" type="stmt"/>
          <line num="99" count="1" type="stmt"/>
          <line num="100" count="1" type="stmt"/>
          <line num="108" count="1" type="stmt"/>
          <line num="109" count="1" type="stmt"/>
          <line num="110" count="1" type="stmt"/>
          <line num="117" count="1" type="stmt"/>
        </file>
        <file name="Search.jsx" path="/Users/andeladeveloper/Documents/AndelaProjects/DocManager/client/components/presentation/Search.jsx">
          <metrics statements="5" coveredstatements="5" conditionals="0" coveredconditionals="0" methods="2" coveredmethods="2"/>
          <line num="5" count="2" type="stmt"/>
          <line num="6" count="2" type="stmt"/>
          <line num="11" count="1" type="stmt"/>
          <line num="12" count="1" type="stmt"/>
          <line num="20" count="2" type="stmt"/>
        </file>
        <file name="SigninForm.jsx" path="/Users/andeladeveloper/Documents/AndelaProjects/DocManager/client/components/presentation/SigninForm.jsx">
          <metrics statements="14" coveredstatements="11" conditionals="2" coveredconditionals="0" methods="4" coveredmethods="4"/>
          <line num="18" count="2" type="stmt"/>
          <line num="20" count="1" type="stmt"/>
          <line num="22" count="1" type="stmt"/>
          <line num="23" count="1" type="stmt"/>
          <line num="24" count="1" type="stmt"/>
          <line num="26" count="1" type="stmt"/>
          <line num="28" count="1" type="cond" truecount="0" falsecount="2"/>
          <line num="29" count="0" type="stmt"/>
          <line num="30" count="0" type="stmt"/>
          <line num="32" count="0" type="stmt"/>
          <line num="48" count="2" type="stmt"/>
          <line num="50" count="2" type="stmt"/>
          <line num="57" count="1" type="stmt"/>
          <line num="62" count="2" type="stmt"/>
        </file>
        <file name="SignupForm.jsx" path="/Users/andeladeveloper/Documents/AndelaProjects/DocManager/client/components/presentation/SignupForm.jsx">
          <metrics statements="21" coveredstatements="17" conditionals="4" coveredconditionals="1" methods="4" coveredmethods="4"/>
          <line num="16" count="2" type="stmt"/>
          <line num="17" count="1" type="stmt"/>
          <line num="18" count="1" type="stmt"/>
          <line num="19" count="1" type="stmt"/>
          <line num="20" count="1" type="stmt"/>
          <line num="21" count="1" type="stmt"/>
          <line num="22" count="1" type="stmt"/>
          <line num="24" count="1" type="stmt"/>
          <line num="25" count="1" type="stmt"/>
          <line num="27" count="1" type="stmt"/>
          <line num="28" count="1" type="cond" truecount="1" falsecount="1"/>
          <line num="29" count="1" type="stmt"/>
          <line num="31" count="1" type="cond" truecount="0" falsecount="2"/>
          <line num="32" count="0" type="stmt"/>
          <line num="33" count="0" type="stmt"/>
          <line num="35" count="0" type="stmt"/>
          <line num="44" count="0" type="stmt"/>
          <line num="56" count="2" type="stmt"/>
          <line num="58" count="2" type="stmt"/>
          <line num="124" count="1" type="stmt"/>
          <line num="129" count="2" type="stmt"/>
        </file>
        <file name="UserView.jsx" path="/Users/andeladeveloper/Documents/AndelaProjects/DocManager/client/components/presentation/UserView.jsx">
          <metrics statements="24" coveredstatements="23" conditionals="8" coveredconditionals="4" methods="8" coveredmethods="6"/>
          <line num="6" count="1" type="stmt"/>
          <line num="7" count="1" type="stmt"/>
          <line num="8" count="1" type="cond" truecount="1" falsecount="1"/>
          <line num="9" count="1" type="stmt"/>
          <line num="11" count="1" type="cond" truecount="1" falsecount="1"/>
          <line num="12" count="1" type="stmt"/>
          <line num="14" count="1" type="cond" truecount="1" falsecount="1"/>
          <line num="15" count="1" type="stmt"/>
          <line num="17" count="1" type="stmt"/>
          <line num="18" count="1" type="cond" truecount="1" falsecount="1"/>
          <line num="19" count="0" type="stmt"/>
          <line num="26" count="1" type="stmt"/>
          <line num="36" count="1" type="stmt"/>
          <line num="38" count="2" type="stmt"/>
          <line num="59" count="1" type="stmt"/>
          <line num="107" count="1" type="stmt"/>
          <line num="108" count="1" type="stmt"/>
          <line num="109" count="1" type="stmt"/>
          <line num="110" count="1" type="stmt"/>
          <line num="117" count="1" type="stmt"/>
          <line num="118" count="1" type="stmt"/>
          <line num="119" count="1" type="stmt"/>
          <line num="120" count="1" type="stmt"/>
          <line num="127" count="1" type="stmt"/>
        </file>
      </package>
      <package name="mockObjects">
        <metrics statements="6" coveredstatements="5" conditionals="0" coveredconditionals="0" methods="5" coveredmethods="4"/>
        <file name="localStorage.js" path="/Users/andeladeveloper/Documents/AndelaProjects/DocManager/client/mockObjects/localStorage.js">
          <metrics statements="6" coveredstatements="5" conditionals="0" coveredconditionals="0" methods="5" coveredmethods="4"/>
          <line num="9" count="4" type="stmt"/>
          <line num="16" count="2" type="stmt"/>
          <line num="25" count="16" type="stmt"/>
          <line num="34" count="9" type="stmt"/>
          <line num="43" count="0" type="stmt"/>
          <line num="47" count="4" type="stmt"/>
        </file>
      </package>
      <package name="reducers">
        <metrics statements="66" coveredstatements="60" conditionals="70" coveredconditionals="59" methods="8" coveredmethods="7"/>
        <file name="documentReducers.js" path="/Users/andeladeveloper/Documents/AndelaProjects/DocManager/client/reducers/documentReducers.js">
          <metrics statements="37" coveredstatements="36" conditionals="35" coveredconditionals="33" methods="4" coveredmethods="4"/>
          <line num="11" count="1" type="cond" truecount="1" falsecount="0"/>
          <line num="15" count="5" type="cond" truecount="4" falsecount="0"/>
          <line num="17" count="1" type="stmt"/>
          <line num="21" count="1" type="stmt"/>
          <line num="25" count="2" type="stmt"/>
          <line num="30" count="1" type="stmt"/>
          <line num="42" count="1" type="cond" truecount="1" falsecount="0"/>
          <line num="51" count="13" type="cond" truecount="8" falsecount="0"/>
          <line num="53" count="2" type="stmt"/>
          <line num="58" count="2" type="stmt"/>
          <line num="64" count="1" type="stmt"/>
          <line num="68" count="1" type="stmt"/>
          <line num="72" count="2" type="stmt"/>
          <line num="76" count="1" type="stmt"/>
          <line num="80" count="3" type="stmt"/>
          <line num="86" count="1" type="stmt"/>
          <line num="98" count="1" type="cond" truecount="1" falsecount="0"/>
          <line num="110" count="44" type="cond" truecount="17" falsecount="1"/>
          <line num="112" count="2" type="stmt"/>
          <line num="117" count="2" type="stmt"/>
          <line num="121" count="2" type="stmt"/>
          <line num="124" count="1" type="stmt"/>
          <line num="129" count="3" type="stmt"/>
          <line num="137" count="1" type="stmt"/>
          <line num="143" count="1" type="stmt"/>
          <line num="149" count="5" type="stmt"/>
          <line num="157" count="2" type="stmt"/>
          <line num="164" count="2" type="stmt"/>
          <line num="171" count="4" type="stmt"/>
          <line num="180" count="5" type="stmt"/>
          <line num="188" count="2" type="stmt"/>
          <line num="195" count="4" type="stmt"/>
          <line num="204" count="0" type="stmt"/>
          <line num="212" count="2" type="stmt"/>
          <line num="219" count="4" type="stmt"/>
          <line num="228" count="3" type="stmt"/>
          <line num="235" count="1" type="stmt"/>
        </file>
        <file name="userReducers.js" path="/Users/andeladeveloper/Documents/AndelaProjects/DocManager/client/reducers/userReducers.js">
          <metrics statements="29" coveredstatements="24" conditionals="35" coveredconditionals="26" methods="4" coveredmethods="3"/>
          <line num="11" count="1" type="cond" truecount="1" falsecount="0"/>
          <line num="24" count="27" type="cond" truecount="12" falsecount="0"/>
          <line num="26" count="1" type="stmt"/>
          <line num="30" count="2" type="stmt"/>
          <line num="34" count="1" type="stmt"/>
          <line num="38" count="1" type="stmt"/>
          <line num="42" count="1" type="stmt"/>
          <line num="46" count="6" type="stmt"/>
          <line num="58" count="2" type="stmt"/>
          <line num="64" count="3" type="stmt"/>
          <line num="69" count="2" type="stmt"/>
          <line num="74" count="4" type="stmt"/>
          <line num="86" count="2" type="stmt"/>
          <line num="92" count="2" type="stmt"/>
          <line num="104" count="1" type="cond" truecount="1" falsecount="0"/>
          <line num="111" count="14" type="cond" truecount="4" falsecount="1"/>
          <line num="113" count="4" type="stmt"/>
          <line num="118" count="4" type="stmt"/>
          <line num="123" count="5" type="stmt"/>
          <line num="131" count="0" type="stmt"/>
          <line num="133" count="0" type="cond" truecount="0" falsecount="2"/>
          <line num="134" count="0" type="stmt"/>
          <line num="136" count="0" type="stmt"/>
          <line num="140" count="1" type="stmt"/>
          <line num="152" count="1" type="cond" truecount="1" falsecount="0"/>
          <line num="156" count="2" type="cond" truecount="2" falsecount="1"/>
          <line num="158" count="1" type="stmt"/>
          <line num="162" count="0" type="stmt"/>
          <line num="166" count="1" type="stmt"/>
        </file>
      </package>
    </metrics>
  </project>
</coverage>
