{"/Users/andeladeveloper/Documents/AndelaProjects/DocManager/client/actions/documentActions.js": {"path":"/Users/andeladeveloper/Documents/AndelaProjects/DocManager/client/actions/documentActions.js","statementMap":{"0":{"start":{"line":8,"column":37},"end":{"line":10,"column":2}},"1":{"start":{"line":8,"column":44},"end":{"line":10,"column":1}},"2":{"start":{"line":18,"column":36},"end":{"line":21,"column":2}},"3":{"start":{"line":18,"column":47},"end":{"line":21,"column":1}},"4":{"start":{"line":28,"column":37},"end":{"line":31,"column":2}},"5":{"start":{"line":28,"column":47},"end":{"line":31,"column":1}},"6":{"start":{"line":39,"column":32},"end":{"line":51,"column":1}},"7":{"start":{"line":39,"column":45},"end":{"line":51,"column":1}},"8":{"start":{"line":40,"column":2},"end":{"line":40,"column":36}},"9":{"start":{"line":41,"column":2},"end":{"line":50,"column":6}},"10":{"start":{"line":43,"column":6},"end":{"line":43,"column":59}},"11":{"start":{"line":44,"column":6},"end":{"line":44,"column":27}},"12":{"start":{"line":47,"column":6},"end":{"line":47,"column":61}},"13":{"start":{"line":48,"column":6},"end":{"line":48,"column":27}},"14":{"start":{"line":57,"column":37},"end":{"line":59,"column":2}},"15":{"start":{"line":57,"column":44},"end":{"line":59,"column":1}},"16":{"start":{"line":68,"column":40},"end":{"line":72,"column":2}},"17":{"start":{"line":68,"column":63},"end":{"line":72,"column":1}},"18":{"start":{"line":80,"column":37},"end":{"line":83,"column":2}},"19":{"start":{"line":80,"column":47},"end":{"line":83,"column":1}},"20":{"start":{"line":91,"column":32},"end":{"line":104,"column":1}},"21":{"start":{"line":91,"column":38},"end":{"line":104,"column":1}},"22":{"start":{"line":92,"column":16},"end":{"line":92,"column":55}},"23":{"start":{"line":93,"column":2},"end":{"line":93,"column":36}},"24":{"start":{"line":94,"column":14},"end":{"line":94,"column":78}},"25":{"start":{"line":95,"column":2},"end":{"line":103,"column":7}},"26":{"start":{"line":97,"column":6},"end":{"line":98,"column":28}},"27":{"start":{"line":99,"column":6},"end":{"line":99,"column":34}},"28":{"start":{"line":101,"column":6},"end":{"line":101,"column":53}},"29":{"start":{"line":102,"column":6},"end":{"line":102,"column":34}},"30":{"start":{"line":112,"column":39},"end":{"line":114,"column":2}},"31":{"start":{"line":112,"column":46},"end":{"line":114,"column":1}},"32":{"start":{"line":123,"column":47},"end":{"line":127,"column":2}},"33":{"start":{"line":123,"column":70},"end":{"line":127,"column":1}},"34":{"start":{"line":135,"column":45},"end":{"line":138,"column":2}},"35":{"start":{"line":135,"column":55},"end":{"line":138,"column":1}},"36":{"start":{"line":145,"column":31},"end":{"line":156,"column":1}},"37":{"start":{"line":145,"column":37},"end":{"line":156,"column":1}},"38":{"start":{"line":146,"column":16},"end":{"line":146,"column":55}},"39":{"start":{"line":147,"column":2},"end":{"line":147,"column":38}},"40":{"start":{"line":148,"column":2},"end":{"line":155,"column":7}},"41":{"start":{"line":150,"column":6},"end":{"line":151,"column":28}},"42":{"start":{"line":154,"column":6},"end":{"line":154,"column":69}},"43":{"start":{"line":165,"column":34},"end":{"line":168,"column":2}},"44":{"start":{"line":165,"column":47},"end":{"line":168,"column":1}},"45":{"start":{"line":179,"column":42},"end":{"line":184,"column":2}},"46":{"start":{"line":179,"column":75},"end":{"line":184,"column":1}},"47":{"start":{"line":192,"column":40},"end":{"line":195,"column":2}},"48":{"start":{"line":192,"column":50},"end":{"line":195,"column":1}},"49":{"start":{"line":204,"column":29},"end":{"line":216,"column":1}},"50":{"start":{"line":204,"column":41},"end":{"line":216,"column":1}},"51":{"start":{"line":205,"column":16},"end":{"line":205,"column":55}},"52":{"start":{"line":206,"column":2},"end":{"line":206,"column":33}},"53":{"start":{"line":207,"column":2},"end":{"line":215,"column":7}},"54":{"start":{"line":210,"column":4},"end":{"line":211,"column":36}},"55":{"start":{"line":214,"column":6},"end":{"line":214,"column":64}},"56":{"start":{"line":224,"column":33},"end":{"line":226,"column":2}},"57":{"start":{"line":224,"column":40},"end":{"line":226,"column":1}},"58":{"start":{"line":235,"column":41},"end":{"line":239,"column":2}},"59":{"start":{"line":235,"column":64},"end":{"line":239,"column":1}},"60":{"start":{"line":247,"column":39},"end":{"line":250,"column":2}},"61":{"start":{"line":247,"column":49},"end":{"line":250,"column":1}},"62":{"start":{"line":258,"column":28},"end":{"line":271,"column":1}},"63":{"start":{"line":258,"column":40},"end":{"line":271,"column":1}},"64":{"start":{"line":259,"column":16},"end":{"line":259,"column":55}},"65":{"start":{"line":260,"column":14},"end":{"line":262,"column":56}},"66":{"start":{"line":263,"column":2},"end":{"line":263,"column":32}},"67":{"start":{"line":264,"column":2},"end":{"line":270,"column":7}},"68":{"start":{"line":265,"column":4},"end":{"line":266,"column":26}},"69":{"start":{"line":269,"column":6},"end":{"line":269,"column":63}},"70":{"start":{"line":279,"column":29},"end":{"line":282,"column":2}},"71":{"start":{"line":279,"column":39},"end":{"line":282,"column":1}},"72":{"start":{"line":290,"column":36},"end":{"line":293,"column":2}},"73":{"start":{"line":290,"column":49},"end":{"line":293,"column":1}},"74":{"start":{"line":301,"column":34},"end":{"line":304,"column":2}},"75":{"start":{"line":301,"column":44},"end":{"line":304,"column":1}},"76":{"start":{"line":312,"column":28},"end":{"line":324,"column":1}},"77":{"start":{"line":312,"column":34},"end":{"line":324,"column":1}},"78":{"start":{"line":313,"column":20},"end":{"line":313,"column":59}},"79":{"start":{"line":314,"column":2},"end":{"line":314,"column":30}},"80":{"start":{"line":315,"column":2},"end":{"line":323,"column":7}},"81":{"start":{"line":317,"column":4},"end":{"line":317,"column":59}},"82":{"start":{"line":318,"column":4},"end":{"line":318,"column":25}},"83":{"start":{"line":321,"column":6},"end":{"line":321,"column":58}},"84":{"start":{"line":322,"column":6},"end":{"line":322,"column":27}},"85":{"start":{"line":332,"column":34},"end":{"line":335,"column":2}},"86":{"start":{"line":332,"column":44},"end":{"line":335,"column":1}},"87":{"start":{"line":343,"column":32},"end":{"line":345,"column":1}},"88":{"start":{"line":343,"column":41},"end":{"line":345,"column":1}},"89":{"start":{"line":344,"column":2},"end":{"line":344,"column":38}},"90":{"start":{"line":352,"column":36},"end":{"line":354,"column":2}},"91":{"start":{"line":352,"column":43},"end":{"line":354,"column":1}},"92":{"start":{"line":362,"column":35},"end":{"line":365,"column":2}},"93":{"start":{"line":362,"column":50},"end":{"line":365,"column":1}},"94":{"start":{"line":373,"column":36},"end":{"line":375,"column":2}},"95":{"start":{"line":373,"column":43},"end":{"line":375,"column":1}},"96":{"start":{"line":377,"column":28},"end":{"line":390,"column":1}},"97":{"start":{"line":377,"column":59},"end":{"line":390,"column":1}},"98":{"start":{"line":378,"column":2},"end":{"line":378,"column":35}},"99":{"start":{"line":379,"column":20},"end":{"line":379,"column":59}},"100":{"start":{"line":380,"column":2},"end":{"line":389,"column":7}},"101":{"start":{"line":383,"column":4},"end":{"line":383,"column":46}},"102":{"start":{"line":384,"column":4},"end":{"line":384,"column":25}},"103":{"start":{"line":387,"column":6},"end":{"line":387,"column":39}},"104":{"start":{"line":388,"column":6},"end":{"line":388,"column":27}},"105":{"start":{"line":398,"column":35},"end":{"line":401,"column":2}},"106":{"start":{"line":398,"column":45},"end":{"line":401,"column":1}},"107":{"start":{"line":410,"column":38},"end":{"line":414,"column":2}},"108":{"start":{"line":410,"column":59},"end":{"line":414,"column":1}},"109":{"start":{"line":422,"column":36},"end":{"line":425,"column":2}},"110":{"start":{"line":422,"column":46},"end":{"line":425,"column":1}},"111":{"start":{"line":433,"column":30},"end":{"line":446,"column":1}},"112":{"start":{"line":433,"column":36},"end":{"line":446,"column":1}},"113":{"start":{"line":434,"column":20},"end":{"line":434,"column":59}},"114":{"start":{"line":435,"column":2},"end":{"line":435,"column":36}},"115":{"start":{"line":436,"column":2},"end":{"line":445,"column":7}},"116":{"start":{"line":439,"column":4},"end":{"line":439,"column":64}},"117":{"start":{"line":440,"column":4},"end":{"line":440,"column":25}},"118":{"start":{"line":443,"column":6},"end":{"line":443,"column":60}},"119":{"start":{"line":444,"column":6},"end":{"line":444,"column":27}},"120":{"start":{"line":460,"column":2},"end":{"line":466,"column":4}},"121":{"start":{"line":460,"column":45},"end":{"line":466,"column":3}},"122":{"start":{"line":474,"column":39},"end":{"line":477,"column":2}},"123":{"start":{"line":474,"column":49},"end":{"line":477,"column":1}},"124":{"start":{"line":484,"column":31},"end":{"line":497,"column":1}},"125":{"start":{"line":484,"column":45},"end":{"line":497,"column":1}},"126":{"start":{"line":485,"column":14},"end":{"line":485,"column":41}},"127":{"start":{"line":486,"column":20},"end":{"line":486,"column":59}},"128":{"start":{"line":487,"column":2},"end":{"line":496,"column":7}},"129":{"start":{"line":490,"column":4},"end":{"line":491,"column":31}},"130":{"start":{"line":494,"column":6},"end":{"line":494,"column":63}},"131":{"start":{"line":495,"column":6},"end":{"line":495,"column":27}},"132":{"start":{"line":510,"column":2},"end":{"line":541,"column":3}},"133":{"start":{"line":511,"column":22},"end":{"line":511,"column":61}},"134":{"start":{"line":512,"column":14},"end":{"line":512,"column":16}},"135":{"start":{"line":513,"column":17},"end":{"line":513,"column":19}},"136":{"start":{"line":514,"column":4},"end":{"line":539,"column":5}},"137":{"start":{"line":516,"column":6},"end":{"line":516,"column":48}},"138":{"start":{"line":517,"column":6},"end":{"line":517,"column":68}},"139":{"start":{"line":518,"column":6},"end":{"line":518,"column":12}},"140":{"start":{"line":520,"column":6},"end":{"line":520,"column":43}},"141":{"start":{"line":521,"column":6},"end":{"line":521,"column":68}},"142":{"start":{"line":522,"column":6},"end":{"line":522,"column":12}},"143":{"start":{"line":527,"column":6},"end":{"line":527,"column":48}},"144":{"start":{"line":528,"column":6},"end":{"line":528,"column":68}},"145":{"start":{"line":529,"column":6},"end":{"line":529,"column":12}},"146":{"start":{"line":531,"column":6},"end":{"line":533,"column":75}},"147":{"start":{"line":534,"column":6},"end":{"line":534,"column":12}},"148":{"start":{"line":536,"column":6},"end":{"line":536,"column":58}},"149":{"start":{"line":537,"column":6},"end":{"line":537,"column":68}},"150":{"start":{"line":538,"column":6},"end":{"line":538,"column":12}},"151":{"start":{"line":540,"column":4},"end":{"line":540,"column":15}},"152":{"start":{"line":554,"column":32},"end":{"line":567,"column":3}},"153":{"start":{"line":555,"column":47},"end":{"line":567,"column":3}},"154":{"start":{"line":556,"column":16},"end":{"line":556,"column":79}},"155":{"start":{"line":557,"column":4},"end":{"line":566,"column":7}},"156":{"start":{"line":560,"column":4},"end":{"line":561,"column":56}},"157":{"start":{"line":564,"column":6},"end":{"line":564,"column":63}},"158":{"start":{"line":565,"column":6},"end":{"line":565,"column":27}}},"fnMap":{"0":{"name":"(anonymous_0)","decl":{"start":{"line":8,"column":37},"end":{"line":8,"column":38}},"loc":{"start":{"line":8,"column":44},"end":{"line":10,"column":1}},"line":8},"1":{"name":"(anonymous_1)","decl":{"start":{"line":18,"column":36},"end":{"line":18,"column":37}},"loc":{"start":{"line":18,"column":47},"end":{"line":21,"column":1}},"line":18},"2":{"name":"(anonymous_2)","decl":{"start":{"line":28,"column":37},"end":{"line":28,"column":38}},"loc":{"start":{"line":28,"column":47},"end":{"line":31,"column":1}},"line":28},"3":{"name":"(anonymous_3)","decl":{"start":{"line":39,"column":32},"end":{"line":39,"column":33}},"loc":{"start":{"line":39,"column":45},"end":{"line":51,"column":1}},"line":39},"4":{"name":"(anonymous_4)","decl":{"start":{"line":39,"column":45},"end":{"line":39,"column":46}},"loc":{"start":{"line":39,"column":59},"end":{"line":51,"column":1}},"line":39},"5":{"name":"(anonymous_5)","decl":{"start":{"line":42,"column":10},"end":{"line":42,"column":11}},"loc":{"start":{"line":42,"column":24},"end":{"line":45,"column":5}},"line":42},"6":{"name":"(anonymous_6)","decl":{"start":{"line":46,"column":4},"end":{"line":46,"column":5}},"loc":{"start":{"line":46,"column":22},"end":{"line":49,"column":5}},"line":46},"7":{"name":"(anonymous_7)","decl":{"start":{"line":57,"column":37},"end":{"line":57,"column":38}},"loc":{"start":{"line":57,"column":44},"end":{"line":59,"column":1}},"line":57},"8":{"name":"(anonymous_8)","decl":{"start":{"line":68,"column":40},"end":{"line":68,"column":41}},"loc":{"start":{"line":68,"column":63},"end":{"line":72,"column":1}},"line":68},"9":{"name":"(anonymous_9)","decl":{"start":{"line":80,"column":37},"end":{"line":80,"column":38}},"loc":{"start":{"line":80,"column":47},"end":{"line":83,"column":1}},"line":80},"10":{"name":"(anonymous_10)","decl":{"start":{"line":91,"column":32},"end":{"line":91,"column":33}},"loc":{"start":{"line":91,"column":38},"end":{"line":104,"column":1}},"line":91},"11":{"name":"(anonymous_11)","decl":{"start":{"line":91,"column":38},"end":{"line":91,"column":39}},"loc":{"start":{"line":91,"column":52},"end":{"line":104,"column":1}},"line":91},"12":{"name":"(anonymous_12)","decl":{"start":{"line":96,"column":10},"end":{"line":96,"column":11}},"loc":{"start":{"line":96,"column":24},"end":{"line":100,"column":5}},"line":96},"13":{"name":"(anonymous_13)","decl":{"start":{"line":100,"column":7},"end":{"line":100,"column":8}},"loc":{"start":{"line":100,"column":25},"end":{"line":103,"column":5}},"line":100},"14":{"name":"(anonymous_14)","decl":{"start":{"line":112,"column":39},"end":{"line":112,"column":40}},"loc":{"start":{"line":112,"column":46},"end":{"line":114,"column":1}},"line":112},"15":{"name":"(anonymous_15)","decl":{"start":{"line":123,"column":47},"end":{"line":123,"column":48}},"loc":{"start":{"line":123,"column":70},"end":{"line":127,"column":1}},"line":123},"16":{"name":"(anonymous_16)","decl":{"start":{"line":135,"column":45},"end":{"line":135,"column":46}},"loc":{"start":{"line":135,"column":55},"end":{"line":138,"column":1}},"line":135},"17":{"name":"(anonymous_17)","decl":{"start":{"line":145,"column":31},"end":{"line":145,"column":32}},"loc":{"start":{"line":145,"column":37},"end":{"line":156,"column":1}},"line":145},"18":{"name":"(anonymous_18)","decl":{"start":{"line":145,"column":37},"end":{"line":145,"column":38}},"loc":{"start":{"line":145,"column":51},"end":{"line":156,"column":1}},"line":145},"19":{"name":"(anonymous_19)","decl":{"start":{"line":149,"column":10},"end":{"line":149,"column":11}},"loc":{"start":{"line":149,"column":24},"end":{"line":152,"column":5}},"line":149},"20":{"name":"(anonymous_20)","decl":{"start":{"line":153,"column":4},"end":{"line":153,"column":5}},"loc":{"start":{"line":153,"column":22},"end":{"line":155,"column":5}},"line":153},"21":{"name":"(anonymous_21)","decl":{"start":{"line":165,"column":34},"end":{"line":165,"column":35}},"loc":{"start":{"line":165,"column":47},"end":{"line":168,"column":1}},"line":165},"22":{"name":"(anonymous_22)","decl":{"start":{"line":179,"column":42},"end":{"line":179,"column":43}},"loc":{"start":{"line":179,"column":75},"end":{"line":184,"column":1}},"line":179},"23":{"name":"(anonymous_23)","decl":{"start":{"line":192,"column":40},"end":{"line":192,"column":41}},"loc":{"start":{"line":192,"column":50},"end":{"line":195,"column":1}},"line":192},"24":{"name":"(anonymous_24)","decl":{"start":{"line":204,"column":29},"end":{"line":204,"column":30}},"loc":{"start":{"line":204,"column":41},"end":{"line":216,"column":1}},"line":204},"25":{"name":"(anonymous_25)","decl":{"start":{"line":204,"column":41},"end":{"line":204,"column":42}},"loc":{"start":{"line":204,"column":55},"end":{"line":216,"column":1}},"line":204},"26":{"name":"(anonymous_26)","decl":{"start":{"line":209,"column":8},"end":{"line":209,"column":9}},"loc":{"start":{"line":209,"column":22},"end":{"line":212,"column":3}},"line":209},"27":{"name":"(anonymous_27)","decl":{"start":{"line":213,"column":4},"end":{"line":213,"column":5}},"loc":{"start":{"line":213,"column":22},"end":{"line":215,"column":5}},"line":213},"28":{"name":"(anonymous_28)","decl":{"start":{"line":224,"column":33},"end":{"line":224,"column":34}},"loc":{"start":{"line":224,"column":40},"end":{"line":226,"column":1}},"line":224},"29":{"name":"(anonymous_29)","decl":{"start":{"line":235,"column":41},"end":{"line":235,"column":42}},"loc":{"start":{"line":235,"column":64},"end":{"line":239,"column":1}},"line":235},"30":{"name":"(anonymous_30)","decl":{"start":{"line":247,"column":39},"end":{"line":247,"column":40}},"loc":{"start":{"line":247,"column":49},"end":{"line":250,"column":1}},"line":247},"31":{"name":"(anonymous_31)","decl":{"start":{"line":258,"column":28},"end":{"line":258,"column":29}},"loc":{"start":{"line":258,"column":40},"end":{"line":271,"column":1}},"line":258},"32":{"name":"(anonymous_32)","decl":{"start":{"line":258,"column":40},"end":{"line":258,"column":41}},"loc":{"start":{"line":258,"column":54},"end":{"line":271,"column":1}},"line":258},"33":{"name":"(anonymous_33)","decl":{"start":{"line":264,"column":29},"end":{"line":264,"column":30}},"loc":{"start":{"line":264,"column":43},"end":{"line":267,"column":3}},"line":264},"34":{"name":"(anonymous_34)","decl":{"start":{"line":268,"column":4},"end":{"line":268,"column":5}},"loc":{"start":{"line":268,"column":22},"end":{"line":270,"column":5}},"line":268},"35":{"name":"(anonymous_35)","decl":{"start":{"line":279,"column":29},"end":{"line":279,"column":30}},"loc":{"start":{"line":279,"column":39},"end":{"line":282,"column":1}},"line":279},"36":{"name":"(anonymous_36)","decl":{"start":{"line":290,"column":36},"end":{"line":290,"column":37}},"loc":{"start":{"line":290,"column":49},"end":{"line":293,"column":1}},"line":290},"37":{"name":"(anonymous_37)","decl":{"start":{"line":301,"column":34},"end":{"line":301,"column":35}},"loc":{"start":{"line":301,"column":44},"end":{"line":304,"column":1}},"line":301},"38":{"name":"(anonymous_38)","decl":{"start":{"line":312,"column":28},"end":{"line":312,"column":29}},"loc":{"start":{"line":312,"column":34},"end":{"line":324,"column":1}},"line":312},"39":{"name":"(anonymous_39)","decl":{"start":{"line":312,"column":34},"end":{"line":312,"column":35}},"loc":{"start":{"line":312,"column":48},"end":{"line":324,"column":1}},"line":312},"40":{"name":"(anonymous_40)","decl":{"start":{"line":316,"column":8},"end":{"line":316,"column":9}},"loc":{"start":{"line":316,"column":22},"end":{"line":319,"column":3}},"line":316},"41":{"name":"(anonymous_41)","decl":{"start":{"line":320,"column":4},"end":{"line":320,"column":5}},"loc":{"start":{"line":320,"column":22},"end":{"line":323,"column":5}},"line":320},"42":{"name":"(anonymous_42)","decl":{"start":{"line":332,"column":34},"end":{"line":332,"column":35}},"loc":{"start":{"line":332,"column":44},"end":{"line":335,"column":1}},"line":332},"43":{"name":"(anonymous_43)","decl":{"start":{"line":343,"column":32},"end":{"line":343,"column":33}},"loc":{"start":{"line":343,"column":41},"end":{"line":345,"column":1}},"line":343},"44":{"name":"(anonymous_44)","decl":{"start":{"line":343,"column":41},"end":{"line":343,"column":42}},"loc":{"start":{"line":343,"column":55},"end":{"line":345,"column":1}},"line":343},"45":{"name":"(anonymous_45)","decl":{"start":{"line":352,"column":36},"end":{"line":352,"column":37}},"loc":{"start":{"line":352,"column":43},"end":{"line":354,"column":1}},"line":352},"46":{"name":"(anonymous_46)","decl":{"start":{"line":362,"column":35},"end":{"line":362,"column":36}},"loc":{"start":{"line":362,"column":50},"end":{"line":365,"column":1}},"line":362},"47":{"name":"(anonymous_47)","decl":{"start":{"line":373,"column":36},"end":{"line":373,"column":37}},"loc":{"start":{"line":373,"column":43},"end":{"line":375,"column":1}},"line":373},"48":{"name":"(anonymous_48)","decl":{"start":{"line":377,"column":28},"end":{"line":377,"column":29}},"loc":{"start":{"line":377,"column":59},"end":{"line":390,"column":1}},"line":377},"49":{"name":"(anonymous_49)","decl":{"start":{"line":377,"column":59},"end":{"line":377,"column":60}},"loc":{"start":{"line":377,"column":73},"end":{"line":390,"column":1}},"line":377},"50":{"name":"(anonymous_50)","decl":{"start":{"line":382,"column":8},"end":{"line":382,"column":9}},"loc":{"start":{"line":382,"column":22},"end":{"line":385,"column":3}},"line":382},"51":{"name":"(anonymous_51)","decl":{"start":{"line":386,"column":4},"end":{"line":386,"column":5}},"loc":{"start":{"line":386,"column":22},"end":{"line":389,"column":5}},"line":386},"52":{"name":"(anonymous_52)","decl":{"start":{"line":398,"column":35},"end":{"line":398,"column":36}},"loc":{"start":{"line":398,"column":45},"end":{"line":401,"column":1}},"line":398},"53":{"name":"(anonymous_53)","decl":{"start":{"line":410,"column":38},"end":{"line":410,"column":39}},"loc":{"start":{"line":410,"column":59},"end":{"line":414,"column":1}},"line":410},"54":{"name":"(anonymous_54)","decl":{"start":{"line":422,"column":36},"end":{"line":422,"column":37}},"loc":{"start":{"line":422,"column":46},"end":{"line":425,"column":1}},"line":422},"55":{"name":"(anonymous_55)","decl":{"start":{"line":433,"column":30},"end":{"line":433,"column":31}},"loc":{"start":{"line":433,"column":36},"end":{"line":446,"column":1}},"line":433},"56":{"name":"(anonymous_56)","decl":{"start":{"line":433,"column":36},"end":{"line":433,"column":37}},"loc":{"start":{"line":433,"column":50},"end":{"line":446,"column":1}},"line":433},"57":{"name":"(anonymous_57)","decl":{"start":{"line":438,"column":8},"end":{"line":438,"column":9}},"loc":{"start":{"line":438,"column":22},"end":{"line":441,"column":3}},"line":438},"58":{"name":"(anonymous_58)","decl":{"start":{"line":442,"column":4},"end":{"line":442,"column":5}},"loc":{"start":{"line":442,"column":22},"end":{"line":445,"column":5}},"line":442},"59":{"name":"(anonymous_59)","decl":{"start":{"line":460,"column":2},"end":{"line":460,"column":3}},"loc":{"start":{"line":460,"column":45},"end":{"line":466,"column":3}},"line":460},"60":{"name":"(anonymous_60)","decl":{"start":{"line":474,"column":39},"end":{"line":474,"column":40}},"loc":{"start":{"line":474,"column":49},"end":{"line":477,"column":1}},"line":474},"61":{"name":"(anonymous_61)","decl":{"start":{"line":484,"column":31},"end":{"line":484,"column":32}},"loc":{"start":{"line":484,"column":45},"end":{"line":497,"column":1}},"line":484},"62":{"name":"(anonymous_62)","decl":{"start":{"line":484,"column":45},"end":{"line":484,"column":46}},"loc":{"start":{"line":484,"column":59},"end":{"line":497,"column":1}},"line":484},"63":{"name":"(anonymous_63)","decl":{"start":{"line":489,"column":8},"end":{"line":489,"column":9}},"loc":{"start":{"line":489,"column":22},"end":{"line":492,"column":3}},"line":489},"64":{"name":"(anonymous_64)","decl":{"start":{"line":493,"column":4},"end":{"line":493,"column":5}},"loc":{"start":{"line":493,"column":22},"end":{"line":496,"column":5}},"line":493},"65":{"name":"(anonymous_65)","decl":{"start":{"line":510,"column":2},"end":{"line":510,"column":3}},"loc":{"start":{"line":510,"column":56},"end":{"line":541,"column":3}},"line":510},"66":{"name":"(anonymous_66)","decl":{"start":{"line":554,"column":32},"end":{"line":554,"column":33}},"loc":{"start":{"line":555,"column":47},"end":{"line":567,"column":3}},"line":555},"67":{"name":"(anonymous_67)","decl":{"start":{"line":555,"column":47},"end":{"line":555,"column":48}},"loc":{"start":{"line":555,"column":61},"end":{"line":567,"column":3}},"line":555},"68":{"name":"(anonymous_68)","decl":{"start":{"line":559,"column":8},"end":{"line":559,"column":9}},"loc":{"start":{"line":559,"column":22},"end":{"line":562,"column":3}},"line":559},"69":{"name":"(anonymous_69)","decl":{"start":{"line":563,"column":4},"end":{"line":563,"column":5}},"loc":{"start":{"line":563,"column":22},"end":{"line":566,"column":5}},"line":563}},"branchMap":{"0":{"loc":{"start":{"line":167,"column":12},"end":{"line":167,"column":36}},"type":"binary-expr","locations":[{"start":{"line":167,"column":12},"end":{"line":167,"column":20}},{"start":{"line":167,"column":24},"end":{"line":167,"column":36}}],"line":167},"1":{"loc":{"start":{"line":260,"column":14},"end":{"line":262,"column":56}},"type":"cond-expr","locations":[{"start":{"line":261,"column":2},"end":{"line":261,"column":58}},{"start":{"line":262,"column":4},"end":{"line":262,"column":56}}],"line":260},"2":{"loc":{"start":{"line":514,"column":4},"end":{"line":539,"column":5}},"type":"switch","locations":[{"start":{"line":515,"column":4},"end":{"line":518,"column":12}},{"start":{"line":519,"column":4},"end":{"line":522,"column":12}},{"start":{"line":523,"column":4},"end":{"line":523,"column":17}},{"start":{"line":524,"column":4},"end":{"line":524,"column":20}},{"start":{"line":525,"column":4},"end":{"line":525,"column":18}},{"start":{"line":526,"column":4},"end":{"line":529,"column":12}},{"start":{"line":530,"column":4},"end":{"line":534,"column":12}},{"start":{"line":535,"column":4},"end":{"line":538,"column":12}}],"line":514},"3":{"loc":{"start":{"line":531,"column":12},"end":{"line":533,"column":74}},"type":"cond-expr","locations":[{"start":{"line":532,"column":8},"end":{"line":532,"column":76}},{"start":{"line":533,"column":10},"end":{"line":533,"column":74}}],"line":531}},"s":{"0":3,"1":3,"2":3,"3":1,"4":3,"5":1,"6":3,"7":2,"8":2,"9":2,"10":0,"11":0,"12":0,"13":0,"14":3,"15":1,"16":3,"17":1,"18":3,"19":1,"20":3,"21":0,"22":0,"23":0,"24":0,"25":0,"26":0,"27":0,"28":0,"29":0,"30":3,"31":1,"32":3,"33":1,"34":3,"35":1,"36":3,"37":0,"38":0,"39":0,"40":0,"41":0,"42":0,"43":3,"44":2,"45":3,"46":1,"47":3,"48":1,"49":3,"50":0,"51":0,"52":0,"53":0,"54":0,"55":0,"56":3,"57":1,"58":3,"59":1,"60":3,"61":1,"62":3,"63":0,"64":0,"65":0,"66":0,"67":0,"68":0,"69":0,"70":3,"71":1,"72":3,"73":1,"74":3,"75":1,"76":3,"77":0,"78":0,"79":0,"80":0,"81":0,"82":0,"83":0,"84":0,"85":3,"86":1,"87":3,"88":0,"89":0,"90":3,"91":1,"92":3,"93":1,"94":3,"95":1,"96":3,"97":0,"98":0,"99":0,"100":0,"101":0,"102":0,"103":0,"104":0,"105":3,"106":1,"107":3,"108":1,"109":3,"110":1,"111":3,"112":0,"113":0,"114":0,"115":0,"116":0,"117":0,"118":0,"119":0,"120":3,"121":1,"122":3,"123":1,"124":3,"125":0,"126":0,"127":0,"128":0,"129":0,"130":0,"131":0,"132":3,"133":8,"134":8,"135":8,"136":8,"137":1,"138":1,"139":1,"140":1,"141":1,"142":1,"143":3,"144":3,"145":3,"146":2,"147":2,"148":1,"149":1,"150":1,"151":8,"152":3,"153":0,"154":0,"155":0,"156":0,"157":0,"158":0},"f":{"0":3,"1":1,"2":1,"3":2,"4":2,"5":0,"6":0,"7":1,"8":1,"9":1,"10":0,"11":0,"12":0,"13":0,"14":1,"15":1,"16":1,"17":0,"18":0,"19":0,"20":0,"21":2,"22":1,"23":1,"24":0,"25":0,"26":0,"27":0,"28":1,"29":1,"30":1,"31":0,"32":0,"33":0,"34":0,"35":1,"36":1,"37":1,"38":0,"39":0,"40":0,"41":0,"42":1,"43":0,"44":0,"45":1,"46":1,"47":1,"48":0,"49":0,"50":0,"51":0,"52":1,"53":1,"54":1,"55":0,"56":0,"57":0,"58":0,"59":1,"60":1,"61":0,"62":0,"63":0,"64":0,"65":8,"66":0,"67":0,"68":0,"69":0},"b":{"0":[2,1],"1":[0,0],"2":[1,1,1,2,3,3,2,1],"3":[1,1]},"_coverageSchema":"332fd63041d2c1bcb487cc26dd0d5f7d97098a6c","hash":"7e00540d20dac9df2b04916669d7177cee924c6b"}
,"/Users/andeladeveloper/Documents/AndelaProjects/DocManager/client/actions/types.js": {"path":"/Users/andeladeveloper/Documents/AndelaProjects/DocManager/client/actions/types.js","statementMap":{"0":{"start":{"line":1,"column":28},"end":{"line":1,"column":43}},"1":{"start":{"line":2,"column":33},"end":{"line":2,"column":50}},"2":{"start":{"line":3,"column":29},"end":{"line":3,"column":43}},"3":{"start":{"line":5,"column":28},"end":{"line":5,"column":43}},"4":{"start":{"line":6,"column":33},"end":{"line":6,"column":50}},"5":{"start":{"line":7,"column":29},"end":{"line":7,"column":43}},"6":{"start":{"line":9,"column":39},"end":{"line":9,"column":65}},"7":{"start":{"line":10,"column":41},"end":{"line":10,"column":69}},"8":{"start":{"line":11,"column":39},"end":{"line":11,"column":64}},"9":{"start":{"line":13,"column":39},"end":{"line":13,"column":68}},"10":{"start":{"line":14,"column":38},"end":{"line":14,"column":69}},"11":{"start":{"line":15,"column":39},"end":{"line":15,"column":67}},"12":{"start":{"line":17,"column":47},"end":{"line":17,"column":77}},"13":{"start":{"line":18,"column":46},"end":{"line":18,"column":78}},"14":{"start":{"line":19,"column":47},"end":{"line":19,"column":76}},"15":{"start":{"line":21,"column":45},"end":{"line":21,"column":73}},"16":{"start":{"line":22,"column":44},"end":{"line":22,"column":74}},"17":{"start":{"line":23,"column":45},"end":{"line":23,"column":72}},"18":{"start":{"line":25,"column":44},"end":{"line":25,"column":71}},"19":{"start":{"line":26,"column":43},"end":{"line":26,"column":73}},"20":{"start":{"line":27,"column":44},"end":{"line":27,"column":71}},"21":{"start":{"line":29,"column":29},"end":{"line":29,"column":48}},"22":{"start":{"line":31,"column":38},"end":{"line":31,"column":62}},"23":{"start":{"line":32,"column":37},"end":{"line":32,"column":60}},"24":{"start":{"line":33,"column":38},"end":{"line":33,"column":62}},"25":{"start":{"line":35,"column":39},"end":{"line":35,"column":64}},"26":{"start":{"line":36,"column":38},"end":{"line":36,"column":62}},"27":{"start":{"line":37,"column":39},"end":{"line":37,"column":64}},"28":{"start":{"line":39,"column":39},"end":{"line":39,"column":64}},"29":{"start":{"line":40,"column":39},"end":{"line":40,"column":64}},"30":{"start":{"line":41,"column":40},"end":{"line":41,"column":66}},"31":{"start":{"line":43,"column":35},"end":{"line":43,"column":56}},"32":{"start":{"line":44,"column":34},"end":{"line":44,"column":54}},"33":{"start":{"line":45,"column":35},"end":{"line":45,"column":56}},"34":{"start":{"line":47,"column":28},"end":{"line":47,"column":42}},"35":{"start":{"line":48,"column":28},"end":{"line":48,"column":42}},"36":{"start":{"line":50,"column":38},"end":{"line":50,"column":62}},"37":{"start":{"line":51,"column":37},"end":{"line":51,"column":60}},"38":{"start":{"line":52,"column":38},"end":{"line":52,"column":62}},"39":{"start":{"line":54,"column":41},"end":{"line":54,"column":68}},"40":{"start":{"line":55,"column":40},"end":{"line":55,"column":66}},"41":{"start":{"line":57,"column":38},"end":{"line":57,"column":62}},"42":{"start":{"line":58,"column":39},"end":{"line":58,"column":64}},"43":{"start":{"line":60,"column":28},"end":{"line":60,"column":42}}},"fnMap":{},"branchMap":{},"s":{"0":6,"1":6,"2":6,"3":6,"4":6,"5":6,"6":6,"7":6,"8":6,"9":6,"10":6,"11":6,"12":6,"13":6,"14":6,"15":6,"16":6,"17":6,"18":6,"19":6,"20":6,"21":6,"22":6,"23":6,"24":6,"25":6,"26":6,"27":6,"28":6,"29":6,"30":6,"31":6,"32":6,"33":6,"34":6,"35":6,"36":6,"37":6,"38":6,"39":6,"40":6,"41":6,"42":6,"43":6},"f":{},"b":{},"_coverageSchema":"332fd63041d2c1bcb487cc26dd0d5f7d97098a6c","hash":"331624988d7b6d5d3c02c469dc88f696b8ebb8d7"}
,"/Users/andeladeveloper/Documents/AndelaProjects/DocManager/client/actions/userActions.js": {"path":"/Users/andeladeveloper/Documents/AndelaProjects/DocManager/client/actions/userActions.js","statementMap":{"0":{"start":{"line":8,"column":31},"end":{"line":10,"column":2}},"1":{"start":{"line":8,"column":38},"end":{"line":10,"column":1}},"2":{"start":{"line":17,"column":32},"end":{"line":20,"column":2}},"3":{"start":{"line":17,"column":47},"end":{"line":20,"column":1}},"4":{"start":{"line":27,"column":31},"end":{"line":30,"column":2}},"5":{"start":{"line":27,"column":42},"end":{"line":30,"column":1}},"6":{"start":{"line":37,"column":27},"end":{"line":40,"column":2}},"7":{"start":{"line":37,"column":40},"end":{"line":40,"column":1}},"8":{"start":{"line":47,"column":26},"end":{"line":61,"column":1}},"9":{"start":{"line":47,"column":34},"end":{"line":61,"column":1}},"10":{"start":{"line":48,"column":2},"end":{"line":48,"column":30}},"11":{"start":{"line":49,"column":2},"end":{"line":60,"column":6}},"12":{"start":{"line":51,"column":6},"end":{"line":51,"column":67}},"13":{"start":{"line":52,"column":6},"end":{"line":52,"column":52}},"14":{"start":{"line":53,"column":6},"end":{"line":53,"column":48}},"15":{"start":{"line":54,"column":6},"end":{"line":54,"column":27}},"16":{"start":{"line":57,"column":6},"end":{"line":57,"column":55}},"17":{"start":{"line":58,"column":6},"end":{"line":58,"column":27}},"18":{"start":{"line":67,"column":31},"end":{"line":69,"column":2}},"19":{"start":{"line":67,"column":38},"end":{"line":69,"column":1}},"20":{"start":{"line":76,"column":32},"end":{"line":79,"column":2}},"21":{"start":{"line":76,"column":47},"end":{"line":79,"column":1}},"22":{"start":{"line":86,"column":31},"end":{"line":89,"column":2}},"23":{"start":{"line":86,"column":42},"end":{"line":89,"column":1}},"24":{"start":{"line":96,"column":26},"end":{"line":109,"column":1}},"25":{"start":{"line":96,"column":34},"end":{"line":109,"column":1}},"26":{"start":{"line":97,"column":2},"end":{"line":97,"column":40}},"27":{"start":{"line":98,"column":2},"end":{"line":98,"column":30}},"28":{"start":{"line":99,"column":2},"end":{"line":108,"column":7}},"29":{"start":{"line":101,"column":6},"end":{"line":101,"column":67}},"30":{"start":{"line":102,"column":6},"end":{"line":102,"column":48}},"31":{"start":{"line":103,"column":6},"end":{"line":103,"column":27}},"32":{"start":{"line":106,"column":6},"end":{"line":106,"column":55}},"33":{"start":{"line":107,"column":6},"end":{"line":107,"column":27}},"34":{"start":{"line":115,"column":33},"end":{"line":117,"column":2}},"35":{"start":{"line":115,"column":40},"end":{"line":117,"column":1}},"36":{"start":{"line":128,"column":34},"end":{"line":135,"column":4}},"37":{"start":{"line":129,"column":18},"end":{"line":135,"column":3}},"38":{"start":{"line":144,"column":33},"end":{"line":148,"column":2}},"39":{"start":{"line":144,"column":61},"end":{"line":148,"column":1}},"40":{"start":{"line":156,"column":29},"end":{"line":168,"column":1}},"41":{"start":{"line":156,"column":57},"end":{"line":168,"column":1}},"42":{"start":{"line":157,"column":16},"end":{"line":157,"column":55}},"43":{"start":{"line":158,"column":2},"end":{"line":158,"column":32}},"44":{"start":{"line":159,"column":2},"end":{"line":167,"column":7}},"45":{"start":{"line":161,"column":6},"end":{"line":162,"column":40}},"46":{"start":{"line":165,"column":6},"end":{"line":166,"column":40}},"47":{"start":{"line":175,"column":28},"end":{"line":177,"column":2}},"48":{"start":{"line":175,"column":35},"end":{"line":177,"column":1}},"49":{"start":{"line":186,"column":32},"end":{"line":189,"column":2}},"50":{"start":{"line":186,"column":43},"end":{"line":189,"column":1}},"51":{"start":{"line":198,"column":33},"end":{"line":201,"column":2}},"52":{"start":{"line":198,"column":43},"end":{"line":201,"column":1}},"53":{"start":{"line":203,"column":30},"end":{"line":215,"column":1}},"54":{"start":{"line":203,"column":54},"end":{"line":215,"column":1}},"55":{"start":{"line":204,"column":16},"end":{"line":204,"column":55}},"56":{"start":{"line":205,"column":2},"end":{"line":205,"column":27}},"57":{"start":{"line":206,"column":2},"end":{"line":214,"column":7}},"58":{"start":{"line":208,"column":6},"end":{"line":208,"column":55}},"59":{"start":{"line":209,"column":6},"end":{"line":209,"column":34}},"60":{"start":{"line":212,"column":6},"end":{"line":212,"column":57}},"61":{"start":{"line":213,"column":6},"end":{"line":213,"column":34}},"62":{"start":{"line":223,"column":34},"end":{"line":226,"column":2}},"63":{"start":{"line":223,"column":49},"end":{"line":226,"column":1}},"64":{"start":{"line":234,"column":32},"end":{"line":236,"column":1}},"65":{"start":{"line":234,"column":46},"end":{"line":236,"column":1}},"66":{"start":{"line":235,"column":2},"end":{"line":235,"column":43}},"67":{"start":{"line":246,"column":36},"end":{"line":250,"column":2}},"68":{"start":{"line":246,"column":57},"end":{"line":250,"column":1}},"69":{"start":{"line":257,"column":37},"end":{"line":259,"column":2}},"70":{"start":{"line":257,"column":44},"end":{"line":259,"column":1}},"71":{"start":{"line":268,"column":30},"end":{"line":280,"column":1}},"72":{"start":{"line":268,"column":40},"end":{"line":280,"column":1}},"73":{"start":{"line":269,"column":16},"end":{"line":269,"column":55}},"74":{"start":{"line":270,"column":2},"end":{"line":279,"column":7}},"75":{"start":{"line":272,"column":6},"end":{"line":272,"column":67}},"76":{"start":{"line":273,"column":6},"end":{"line":273,"column":27}},"77":{"start":{"line":276,"column":6},"end":{"line":277,"column":32}},"78":{"start":{"line":278,"column":6},"end":{"line":278,"column":27}},"79":{"start":{"line":286,"column":23},"end":{"line":288,"column":2}},"80":{"start":{"line":286,"column":30},"end":{"line":288,"column":1}}},"fnMap":{"0":{"name":"(anonymous_0)","decl":{"start":{"line":8,"column":31},"end":{"line":8,"column":32}},"loc":{"start":{"line":8,"column":38},"end":{"line":10,"column":1}},"line":8},"1":{"name":"(anonymous_1)","decl":{"start":{"line":17,"column":32},"end":{"line":17,"column":33}},"loc":{"start":{"line":17,"column":47},"end":{"line":20,"column":1}},"line":17},"2":{"name":"(anonymous_2)","decl":{"start":{"line":27,"column":31},"end":{"line":27,"column":32}},"loc":{"start":{"line":27,"column":42},"end":{"line":30,"column":1}},"line":27},"3":{"name":"(anonymous_3)","decl":{"start":{"line":37,"column":27},"end":{"line":37,"column":28}},"loc":{"start":{"line":37,"column":40},"end":{"line":40,"column":1}},"line":37},"4":{"name":"(anonymous_4)","decl":{"start":{"line":47,"column":26},"end":{"line":47,"column":27}},"loc":{"start":{"line":47,"column":34},"end":{"line":61,"column":1}},"line":47},"5":{"name":"(anonymous_5)","decl":{"start":{"line":47,"column":34},"end":{"line":47,"column":35}},"loc":{"start":{"line":47,"column":48},"end":{"line":61,"column":1}},"line":47},"6":{"name":"(anonymous_6)","decl":{"start":{"line":50,"column":10},"end":{"line":50,"column":11}},"loc":{"start":{"line":50,"column":24},"end":{"line":55,"column":5}},"line":50},"7":{"name":"(anonymous_7)","decl":{"start":{"line":56,"column":4},"end":{"line":56,"column":5}},"loc":{"start":{"line":56,"column":22},"end":{"line":59,"column":5}},"line":56},"8":{"name":"(anonymous_8)","decl":{"start":{"line":67,"column":31},"end":{"line":67,"column":32}},"loc":{"start":{"line":67,"column":38},"end":{"line":69,"column":1}},"line":67},"9":{"name":"(anonymous_9)","decl":{"start":{"line":76,"column":32},"end":{"line":76,"column":33}},"loc":{"start":{"line":76,"column":47},"end":{"line":79,"column":1}},"line":76},"10":{"name":"(anonymous_10)","decl":{"start":{"line":86,"column":31},"end":{"line":86,"column":32}},"loc":{"start":{"line":86,"column":42},"end":{"line":89,"column":1}},"line":86},"11":{"name":"(anonymous_11)","decl":{"start":{"line":96,"column":26},"end":{"line":96,"column":27}},"loc":{"start":{"line":96,"column":34},"end":{"line":109,"column":1}},"line":96},"12":{"name":"(anonymous_12)","decl":{"start":{"line":96,"column":34},"end":{"line":96,"column":35}},"loc":{"start":{"line":96,"column":48},"end":{"line":109,"column":1}},"line":96},"13":{"name":"(anonymous_13)","decl":{"start":{"line":100,"column":10},"end":{"line":100,"column":11}},"loc":{"start":{"line":100,"column":24},"end":{"line":104,"column":5}},"line":100},"14":{"name":"(anonymous_14)","decl":{"start":{"line":105,"column":4},"end":{"line":105,"column":5}},"loc":{"start":{"line":105,"column":22},"end":{"line":108,"column":5}},"line":105},"15":{"name":"(anonymous_15)","decl":{"start":{"line":115,"column":33},"end":{"line":115,"column":34}},"loc":{"start":{"line":115,"column":40},"end":{"line":117,"column":1}},"line":115},"16":{"name":"(anonymous_16)","decl":{"start":{"line":128,"column":34},"end":{"line":128,"column":35}},"loc":{"start":{"line":129,"column":18},"end":{"line":135,"column":3}},"line":129},"17":{"name":"(anonymous_17)","decl":{"start":{"line":144,"column":33},"end":{"line":144,"column":34}},"loc":{"start":{"line":144,"column":61},"end":{"line":148,"column":1}},"line":144},"18":{"name":"(anonymous_18)","decl":{"start":{"line":156,"column":29},"end":{"line":156,"column":30}},"loc":{"start":{"line":156,"column":57},"end":{"line":168,"column":1}},"line":156},"19":{"name":"(anonymous_19)","decl":{"start":{"line":156,"column":57},"end":{"line":156,"column":58}},"loc":{"start":{"line":156,"column":71},"end":{"line":168,"column":1}},"line":156},"20":{"name":"(anonymous_20)","decl":{"start":{"line":160,"column":10},"end":{"line":160,"column":11}},"loc":{"start":{"line":160,"column":24},"end":{"line":163,"column":5}},"line":160},"21":{"name":"(anonymous_21)","decl":{"start":{"line":164,"column":4},"end":{"line":164,"column":5}},"loc":{"start":{"line":164,"column":22},"end":{"line":167,"column":5}},"line":164},"22":{"name":"(anonymous_22)","decl":{"start":{"line":175,"column":28},"end":{"line":175,"column":29}},"loc":{"start":{"line":175,"column":35},"end":{"line":177,"column":1}},"line":175},"23":{"name":"(anonymous_23)","decl":{"start":{"line":186,"column":32},"end":{"line":186,"column":33}},"loc":{"start":{"line":186,"column":43},"end":{"line":189,"column":1}},"line":186},"24":{"name":"(anonymous_24)","decl":{"start":{"line":198,"column":33},"end":{"line":198,"column":34}},"loc":{"start":{"line":198,"column":43},"end":{"line":201,"column":1}},"line":198},"25":{"name":"(anonymous_25)","decl":{"start":{"line":203,"column":30},"end":{"line":203,"column":31}},"loc":{"start":{"line":203,"column":54},"end":{"line":215,"column":1}},"line":203},"26":{"name":"(anonymous_26)","decl":{"start":{"line":203,"column":54},"end":{"line":203,"column":55}},"loc":{"start":{"line":203,"column":68},"end":{"line":215,"column":1}},"line":203},"27":{"name":"(anonymous_27)","decl":{"start":{"line":207,"column":10},"end":{"line":207,"column":11}},"loc":{"start":{"line":207,"column":24},"end":{"line":210,"column":5}},"line":207},"28":{"name":"(anonymous_28)","decl":{"start":{"line":211,"column":4},"end":{"line":211,"column":5}},"loc":{"start":{"line":211,"column":22},"end":{"line":214,"column":5}},"line":211},"29":{"name":"(anonymous_29)","decl":{"start":{"line":223,"column":34},"end":{"line":223,"column":35}},"loc":{"start":{"line":223,"column":49},"end":{"line":226,"column":1}},"line":223},"30":{"name":"(anonymous_30)","decl":{"start":{"line":234,"column":32},"end":{"line":234,"column":33}},"loc":{"start":{"line":234,"column":46},"end":{"line":236,"column":1}},"line":234},"31":{"name":"(anonymous_31)","decl":{"start":{"line":234,"column":46},"end":{"line":234,"column":47}},"loc":{"start":{"line":234,"column":60},"end":{"line":236,"column":1}},"line":234},"32":{"name":"(anonymous_32)","decl":{"start":{"line":246,"column":36},"end":{"line":246,"column":37}},"loc":{"start":{"line":246,"column":57},"end":{"line":250,"column":1}},"line":246},"33":{"name":"(anonymous_33)","decl":{"start":{"line":257,"column":37},"end":{"line":257,"column":38}},"loc":{"start":{"line":257,"column":44},"end":{"line":259,"column":1}},"line":257},"34":{"name":"(anonymous_34)","decl":{"start":{"line":268,"column":30},"end":{"line":268,"column":31}},"loc":{"start":{"line":268,"column":40},"end":{"line":280,"column":1}},"line":268},"35":{"name":"(anonymous_35)","decl":{"start":{"line":268,"column":40},"end":{"line":268,"column":41}},"loc":{"start":{"line":268,"column":54},"end":{"line":280,"column":1}},"line":268},"36":{"name":"(anonymous_36)","decl":{"start":{"line":271,"column":10},"end":{"line":271,"column":11}},"loc":{"start":{"line":271,"column":24},"end":{"line":274,"column":5}},"line":271},"37":{"name":"(anonymous_37)","decl":{"start":{"line":275,"column":4},"end":{"line":275,"column":5}},"loc":{"start":{"line":275,"column":22},"end":{"line":279,"column":5}},"line":275},"38":{"name":"(anonymous_38)","decl":{"start":{"line":286,"column":23},"end":{"line":286,"column":24}},"loc":{"start":{"line":286,"column":30},"end":{"line":288,"column":1}},"line":286}},"branchMap":{"0":{"loc":{"start":{"line":156,"column":30},"end":{"line":156,"column":40}},"type":"default-arg","locations":[{"start":{"line":156,"column":39},"end":{"line":156,"column":40}}],"line":156}},"s":{"0":2,"1":3,"2":2,"3":2,"4":2,"5":2,"6":2,"7":4,"8":2,"9":2,"10":2,"11":2,"12":1,"13":1,"14":1,"15":1,"16":1,"17":1,"18":2,"19":3,"20":2,"21":2,"22":2,"23":2,"24":2,"25":2,"26":2,"27":2,"28":2,"29":1,"30":1,"31":1,"32":1,"33":1,"34":2,"35":2,"36":2,"37":1,"38":2,"39":1,"40":2,"41":2,"42":2,"43":2,"44":2,"45":0,"46":0,"47":2,"48":3,"49":2,"50":1,"51":2,"52":1,"53":2,"54":2,"55":2,"56":2,"57":2,"58":0,"59":0,"60":0,"61":0,"62":2,"63":2,"64":2,"65":1,"66":1,"67":2,"68":1,"69":2,"70":1,"71":2,"72":2,"73":2,"74":2,"75":0,"76":0,"77":0,"78":0,"79":2,"80":1},"f":{"0":3,"1":2,"2":2,"3":4,"4":2,"5":2,"6":1,"7":1,"8":3,"9":2,"10":2,"11":2,"12":2,"13":1,"14":1,"15":2,"16":1,"17":1,"18":2,"19":2,"20":0,"21":0,"22":3,"23":1,"24":1,"25":2,"26":2,"27":0,"28":0,"29":2,"30":1,"31":1,"32":1,"33":1,"34":2,"35":2,"36":0,"37":0,"38":1},"b":{"0":[0]},"_coverageSchema":"332fd63041d2c1bcb487cc26dd0d5f7d97098a6c","hash":"985f48f5e9371dd107f454cdb6f0122184aaed40"}
,"/Users/andeladeveloper/Documents/AndelaProjects/DocManager/client/components/container/Auth.jsx": {"path":"/Users/andeladeveloper/Documents/AndelaProjects/DocManager/client/components/container/Auth.jsx","statementMap":{"0":{"start":{"line":9,"column":24},"end":{"line":12,"column":2}},"1":{"start":{"line":9,"column":34},"end":{"line":12,"column":1}}},"fnMap":{"0":{"name":"(anonymous_0)","decl":{"start":{"line":9,"column":24},"end":{"line":9,"column":25}},"loc":{"start":{"line":9,"column":34},"end":{"line":12,"column":1}},"line":9}},"branchMap":{},"s":{"0":1,"1":0},"f":{"0":0},"b":{},"_coverageSchema":"332fd63041d2c1bcb487cc26dd0d5f7d97098a6c","hash":"3e8c7a2bbd95d65079070e0c249bfae1e7fcd24f"}
,"/Users/andeladeveloper/Documents/AndelaProjects/DocManager/client/components/container/Search.jsx": {"path":"/Users/andeladeveloper/Documents/AndelaProjects/DocManager/client/components/container/Search.jsx","statementMap":{"0":{"start":{"line":7,"column":24},"end":{"line":9,"column":2}},"1":{"start":{"line":7,"column":31},"end":{"line":9,"column":1}}},"fnMap":{"0":{"name":"(anonymous_0)","decl":{"start":{"line":7,"column":24},"end":{"line":7,"column":25}},"loc":{"start":{"line":7,"column":31},"end":{"line":9,"column":1}},"line":7}},"branchMap":{},"s":{"0":1,"1":0},"f":{"0":0},"b":{},"_coverageSchema":"332fd63041d2c1bcb487cc26dd0d5f7d97098a6c","hash":"8835d09218d16659220cf0cccbf56e5a7c59d1f7"}
,"/Users/andeladeveloper/Documents/AndelaProjects/DocManager/client/components/presentation/Authenticate.jsx": {"path":"/Users/andeladeveloper/Documents/AndelaProjects/DocManager/client/components/presentation/Authenticate.jsx","statementMap":{"0":{"start":{"line":13,"column":23},"end":{"line":22,"column":1}},"1":{"start":{"line":14,"column":2},"end":{"line":14,"column":25}},"2":{"start":{"line":15,"column":21},"end":{"line":15,"column":37}},"3":{"start":{"line":16,"column":21},"end":{"line":16,"column":37}},"4":{"start":{"line":17,"column":2},"end":{"line":17,"column":50}},"5":{"start":{"line":18,"column":2},"end":{"line":18,"column":50}},"6":{"start":{"line":19,"column":2},"end":{"line":21,"column":5}},"7":{"start":{"line":20,"column":4},"end":{"line":20,"column":30}},"8":{"start":{"line":29,"column":23},"end":{"line":38,"column":1}},"9":{"start":{"line":30,"column":2},"end":{"line":30,"column":25}},"10":{"start":{"line":31,"column":2},"end":{"line":31,"column":50}},"11":{"start":{"line":32,"column":2},"end":{"line":32,"column":50}},"12":{"start":{"line":33,"column":21},"end":{"line":33,"column":37}},"13":{"start":{"line":34,"column":21},"end":{"line":34,"column":37}},"14":{"start":{"line":35,"column":2},"end":{"line":37,"column":5}},"15":{"start":{"line":36,"column":4},"end":{"line":36,"column":30}},"16":{"start":{"line":44,"column":21},"end":{"line":86,"column":1}},"17":{"start":{"line":46,"column":4},"end":{"line":85,"column":10}},"18":{"start":{"line":53,"column":34},"end":{"line":53,"column":56}},"19":{"start":{"line":61,"column":34},"end":{"line":61,"column":56}},"20":{"start":{"line":88,"column":0},"end":{"line":97,"column":2}}},"fnMap":{"0":{"name":"(anonymous_0)","decl":{"start":{"line":13,"column":23},"end":{"line":13,"column":24}},"loc":{"start":{"line":13,"column":34},"end":{"line":22,"column":1}},"line":13},"1":{"name":"(anonymous_1)","decl":{"start":{"line":19,"column":26},"end":{"line":19,"column":27}},"loc":{"start":{"line":19,"column":32},"end":{"line":21,"column":3}},"line":19},"2":{"name":"(anonymous_2)","decl":{"start":{"line":29,"column":23},"end":{"line":29,"column":24}},"loc":{"start":{"line":29,"column":34},"end":{"line":38,"column":1}},"line":29},"3":{"name":"(anonymous_3)","decl":{"start":{"line":35,"column":26},"end":{"line":35,"column":27}},"loc":{"start":{"line":35,"column":32},"end":{"line":37,"column":3}},"line":35},"4":{"name":"(anonymous_4)","decl":{"start":{"line":44,"column":21},"end":{"line":44,"column":22}},"loc":{"start":{"line":46,"column":4},"end":{"line":85,"column":10}},"line":46},"5":{"name":"(anonymous_5)","decl":{"start":{"line":53,"column":21},"end":{"line":53,"column":22}},"loc":{"start":{"line":53,"column":32},"end":{"line":53,"column":58}},"line":53},"6":{"name":"(anonymous_6)","decl":{"start":{"line":61,"column":21},"end":{"line":61,"column":22}},"loc":{"start":{"line":61,"column":32},"end":{"line":61,"column":58}},"line":61}},"branchMap":{},"s":{"0":1,"1":0,"2":0,"3":0,"4":0,"5":0,"6":0,"7":0,"8":1,"9":0,"10":0,"11":0,"12":0,"13":0,"14":0,"15":0,"16":1,"17":0,"18":0,"19":0,"20":1},"f":{"0":0,"1":0,"2":0,"3":0,"4":0,"5":0,"6":0},"b":{},"_coverageSchema":"332fd63041d2c1bcb487cc26dd0d5f7d97098a6c","hash":"3535b7526c9efc04f4391364c9c6292f7fd805b4"}
,"/Users/andeladeveloper/Documents/AndelaProjects/DocManager/client/components/presentation/DocumentPreview.jsx": {"path":"/Users/andeladeveloper/Documents/AndelaProjects/DocManager/client/components/presentation/DocumentPreview.jsx","statementMap":{"0":{"start":{"line":13,"column":22},"end":{"line":42,"column":1}},"1":{"start":{"line":14,"column":2},"end":{"line":41,"column":5}},"2":{"start":{"line":25,"column":22},"end":{"line":34,"column":6}},"3":{"start":{"line":26,"column":6},"end":{"line":33,"column":9}},"4":{"start":{"line":28,"column":8},"end":{"line":32,"column":9}},"5":{"start":{"line":29,"column":10},"end":{"line":29,"column":20}},"6":{"start":{"line":31,"column":10},"end":{"line":31,"column":19}},"7":{"start":{"line":37,"column":4},"end":{"line":40,"column":7}},"8":{"start":{"line":54,"column":20},"end":{"line":60,"column":1}},"9":{"start":{"line":56,"column":17},"end":{"line":56,"column":37}},"10":{"start":{"line":57,"column":21},"end":{"line":57,"column":54}},"11":{"start":{"line":58,"column":2},"end":{"line":59,"column":22}},"12":{"start":{"line":65,"column":24},"end":{"line":139,"column":1}},"13":{"start":{"line":69,"column":15},"end":{"line":120,"column":3}},"14":{"start":{"line":69,"column":46},"end":{"line":119,"column":8}},"15":{"start":{"line":87,"column":10},"end":{"line":87,"column":33}},"16":{"start":{"line":88,"column":10},"end":{"line":100,"column":15}},"17":{"start":{"line":90,"column":14},"end":{"line":99,"column":15}},"18":{"start":{"line":91,"column":16},"end":{"line":91,"column":53}},"19":{"start":{"line":93,"column":16},"end":{"line":98,"column":19}},"20":{"start":{"line":112,"column":10},"end":{"line":112,"column":33}},"21":{"start":{"line":113,"column":10},"end":{"line":113,"column":53}},"22":{"start":{"line":121,"column":2},"end":{"line":138,"column":12}},"23":{"start":{"line":133,"column":12},"end":{"line":134,"column":30}},"24":{"start":{"line":141,"column":0},"end":{"line":161,"column":2}}},"fnMap":{"0":{"name":"(anonymous_0)","decl":{"start":{"line":13,"column":22},"end":{"line":13,"column":23}},"loc":{"start":{"line":13,"column":49},"end":{"line":42,"column":1}},"line":13},"1":{"name":"(anonymous_1)","decl":{"start":{"line":25,"column":16},"end":{"line":25,"column":17}},"loc":{"start":{"line":25,"column":22},"end":{"line":34,"column":6}},"line":25},"2":{"name":"(anonymous_2)","decl":{"start":{"line":25,"column":34},"end":{"line":25,"column":35}},"loc":{"start":{"line":25,"column":55},"end":{"line":34,"column":5}},"line":25},"3":{"name":"(anonymous_3)","decl":{"start":{"line":27,"column":12},"end":{"line":27,"column":13}},"loc":{"start":{"line":27,"column":21},"end":{"line":33,"column":7}},"line":27},"4":{"name":"(anonymous_4)","decl":{"start":{"line":36,"column":10},"end":{"line":36,"column":11}},"loc":{"start":{"line":36,"column":16},"end":{"line":41,"column":3}},"line":36},"5":{"name":"(anonymous_5)","decl":{"start":{"line":54,"column":20},"end":{"line":54,"column":21}},"loc":{"start":{"line":55,"column":39},"end":{"line":60,"column":1}},"line":55},"6":{"name":"(anonymous_6)","decl":{"start":{"line":65,"column":24},"end":{"line":65,"column":25}},"loc":{"start":{"line":68,"column":25},"end":{"line":139,"column":1}},"line":68},"7":{"name":"(anonymous_7)","decl":{"start":{"line":69,"column":33},"end":{"line":69,"column":34}},"loc":{"start":{"line":69,"column":46},"end":{"line":119,"column":8}},"line":69},"8":{"name":"(anonymous_8)","decl":{"start":{"line":86,"column":17},"end":{"line":86,"column":18}},"loc":{"start":{"line":86,"column":28},"end":{"line":101,"column":9}},"line":86},"9":{"name":"(anonymous_9)","decl":{"start":{"line":89,"column":18},"end":{"line":89,"column":19}},"loc":{"start":{"line":89,"column":27},"end":{"line":100,"column":13}},"line":89},"10":{"name":"(anonymous_10)","decl":{"start":{"line":111,"column":17},"end":{"line":111,"column":18}},"loc":{"start":{"line":111,"column":28},"end":{"line":114,"column":9}},"line":111},"11":{"name":"(anonymous_11)","decl":{"start":{"line":132,"column":20},"end":{"line":132,"column":21}},"loc":{"start":{"line":132,"column":36},"end":{"line":135,"column":11}},"line":132}},"branchMap":{"0":{"loc":{"start":{"line":28,"column":8},"end":{"line":32,"column":9}},"type":"if","locations":[{"start":{"line":28,"column":8},"end":{"line":32,"column":9}},{"start":{"line":28,"column":8},"end":{"line":32,"column":9}}],"line":28},"1":{"loc":{"start":{"line":90,"column":14},"end":{"line":99,"column":15}},"type":"if","locations":[{"start":{"line":90,"column":14},"end":{"line":99,"column":15}},{"start":{"line":90,"column":14},"end":{"line":99,"column":15}}],"line":90},"2":{"loc":{"start":{"line":102,"column":8},"end":{"line":102,"column":49}},"type":"cond-expr","locations":[{"start":{"line":102,"column":31},"end":{"line":102,"column":40}},{"start":{"line":102,"column":43},"end":{"line":102,"column":49}}],"line":102},"3":{"loc":{"start":{"line":106,"column":19},"end":{"line":108,"column":21}},"type":"cond-expr","locations":[{"start":{"line":108,"column":10},"end":{"line":108,"column":12}},{"start":{"line":108,"column":15},"end":{"line":108,"column":21}}],"line":106},"4":{"loc":{"start":{"line":106,"column":19},"end":{"line":107,"column":36}},"type":"binary-expr","locations":[{"start":{"line":106,"column":19},"end":{"line":106,"column":45}},{"start":{"line":106,"column":49},"end":{"line":106,"column":69}},{"start":{"line":107,"column":11},"end":{"line":107,"column":36}}],"line":106},"5":{"loc":{"start":{"line":115,"column":8},"end":{"line":115,"column":56}},"type":"cond-expr","locations":[{"start":{"line":115,"column":35},"end":{"line":115,"column":45}},{"start":{"line":115,"column":48},"end":{"line":115,"column":56}}],"line":115},"6":{"loc":{"start":{"line":126,"column":22},"end":{"line":126,"column":61}},"type":"cond-expr","locations":[{"start":{"line":126,"column":43},"end":{"line":126,"column":48}},{"start":{"line":126,"column":51},"end":{"line":126,"column":61}}],"line":126}},"s":{"0":2,"1":1,"2":0,"3":0,"4":0,"5":0,"6":0,"7":0,"8":2,"9":1,"10":1,"11":1,"12":2,"13":8,"14":8,"15":2,"16":2,"17":2,"18":0,"19":0,"20":1,"21":1,"22":8,"23":0,"24":2},"f":{"0":1,"1":0,"2":0,"3":0,"4":0,"5":1,"6":8,"7":8,"8":2,"9":2,"10":1,"11":0},"b":{"0":[0,0],"1":[0,0],"2":[3,5],"3":[0,8],"4":[8,8,8],"5":[5,3],"6":[0,8]},"_coverageSchema":"332fd63041d2c1bcb487cc26dd0d5f7d97098a6c","hash":"416e21a43b67e280651b076b6e9e458590e0342f"}
,"/Users/andeladeveloper/Documents/AndelaProjects/DocManager/client/components/presentation/DocumentView.jsx": {"path":"/Users/andeladeveloper/Documents/AndelaProjects/DocManager/client/components/presentation/DocumentView.jsx","statementMap":{"0":{"start":{"line":7,"column":21},"end":{"line":43,"column":1}},"1":{"start":{"line":10,"column":22},"end":{"line":33,"column":13}},"2":{"start":{"line":38,"column":2},"end":{"line":42,"column":12}},"3":{"start":{"line":45,"column":0},"end":{"line":62,"column":2}}},"fnMap":{"0":{"name":"(anonymous_0)","decl":{"start":{"line":7,"column":21},"end":{"line":7,"column":22}},"loc":{"start":{"line":9,"column":66},"end":{"line":43,"column":1}},"line":9}},"branchMap":{"0":{"loc":{"start":{"line":10,"column":22},"end":{"line":33,"column":13}},"type":"cond-expr","locations":[{"start":{"line":12,"column":6},"end":{"line":28,"column":12}},{"start":{"line":30,"column":7},"end":{"line":33,"column":12}}],"line":10}},"s":{"0":1,"1":2,"2":2,"3":1},"f":{"0":2},"b":{"0":[1,1]},"_coverageSchema":"332fd63041d2c1bcb487cc26dd0d5f7d97098a6c","hash":"47914773e2a87f4279db4f632067f9b6b8006549"}
,"/Users/andeladeveloper/Documents/AndelaProjects/DocManager/client/components/presentation/ErrorPage.jsx": {"path":"/Users/andeladeveloper/Documents/AndelaProjects/DocManager/client/components/presentation/ErrorPage.jsx","statementMap":{"0":{"start":{"line":3,"column":18},"end":{"line":10,"column":1}},"1":{"start":{"line":4,"column":2},"end":{"line":9,"column":8}}},"fnMap":{"0":{"name":"(anonymous_0)","decl":{"start":{"line":3,"column":18},"end":{"line":3,"column":19}},"loc":{"start":{"line":4,"column":2},"end":{"line":9,"column":8}},"line":4}},"branchMap":{},"s":{"0":1,"1":1},"f":{"0":1},"b":{},"_coverageSchema":"332fd63041d2c1bcb487cc26dd0d5f7d97098a6c","hash":"d51d6f62eb05e5d48615bab216fc1ded81baeddc"}
,"/Users/andeladeveloper/Documents/AndelaProjects/DocManager/client/components/presentation/Home.jsx": {"path":"/Users/andeladeveloper/Documents/AndelaProjects/DocManager/client/components/presentation/Home.jsx","statementMap":{"0":{"start":{"line":9,"column":13},"end":{"line":18,"column":3}},"1":{"start":{"line":10,"column":2},"end":{"line":17,"column":8}}},"fnMap":{"0":{"name":"(anonymous_0)","decl":{"start":{"line":9,"column":13},"end":{"line":9,"column":14}},"loc":{"start":{"line":10,"column":2},"end":{"line":17,"column":8}},"line":10}},"branchMap":{},"s":{"0":1,"1":1},"f":{"0":1},"b":{},"_coverageSchema":"332fd63041d2c1bcb487cc26dd0d5f7d97098a6c","hash":"7498e14735ba12dcc3e0053307db1b37aa2de487"}
,"/Users/andeladeveloper/Documents/AndelaProjects/DocManager/client/components/presentation/ReadDocument.jsx": {"path":"/Users/andeladeveloper/Documents/AndelaProjects/DocManager/client/components/presentation/ReadDocument.jsx","statementMap":{"0":{"start":{"line":8,"column":19},"end":{"line":8,"column":21}},"1":{"start":{"line":9,"column":22},"end":{"line":9,"column":24}},"2":{"start":{"line":10,"column":19},"end":{"line":16,"column":1}},"3":{"start":{"line":11,"column":2},"end":{"line":15,"column":3}},"4":{"start":{"line":12,"column":17},"end":{"line":12,"column":61}},"5":{"start":{"line":13,"column":26},"end":{"line":13,"column":40}},"6":{"start":{"line":14,"column":4},"end":{"line":14,"column":40}},"7":{"start":{"line":18,"column":20},"end":{"line":45,"column":1}},"8":{"start":{"line":19,"column":16},"end":{"line":19,"column":33}},"9":{"start":{"line":20,"column":2},"end":{"line":22,"column":3}},"10":{"start":{"line":21,"column":4},"end":{"line":21,"column":32}},"11":{"start":{"line":23,"column":2},"end":{"line":25,"column":3}},"12":{"start":{"line":24,"column":4},"end":{"line":24,"column":38}},"13":{"start":{"line":26,"column":2},"end":{"line":44,"column":7}},"14":{"start":{"line":28,"column":6},"end":{"line":43,"column":7}},"15":{"start":{"line":29,"column":8},"end":{"line":34,"column":11}},"16":{"start":{"line":35,"column":8},"end":{"line":35,"column":40}},"17":{"start":{"line":37,"column":8},"end":{"line":42,"column":11}},"18":{"start":{"line":47,"column":27},"end":{"line":49,"column":1}},"19":{"start":{"line":48,"column":2},"end":{"line":48,"column":43}},"20":{"start":{"line":51,"column":21},"end":{"line":115,"column":3}},"21":{"start":{"line":54,"column":4},"end":{"line":114,"column":10}},"22":{"start":{"line":60,"column":10},"end":{"line":60,"column":46}},"23":{"start":{"line":87,"column":12},"end":{"line":87,"column":35}},"24":{"start":{"line":88,"column":12},"end":{"line":88,"column":44}},"25":{"start":{"line":97,"column":12},"end":{"line":97,"column":35}},"26":{"start":{"line":98,"column":12},"end":{"line":98,"column":57}},"27":{"start":{"line":98,"column":52},"end":{"line":98,"column":54}},"28":{"start":{"line":99,"column":12},"end":{"line":99,"column":32}},"29":{"start":{"line":100,"column":12},"end":{"line":101,"column":35}},"30":{"start":{"line":108,"column":12},"end":{"line":108,"column":35}},"31":{"start":{"line":109,"column":12},"end":{"line":109,"column":59}},"32":{"start":{"line":110,"column":12},"end":{"line":110,"column":52}},"33":{"start":{"line":117,"column":0},"end":{"line":132,"column":2}}},"fnMap":{"0":{"name":"(anonymous_0)","decl":{"start":{"line":10,"column":19},"end":{"line":10,"column":20}},"loc":{"start":{"line":10,"column":33},"end":{"line":16,"column":1}},"line":10},"1":{"name":"(anonymous_1)","decl":{"start":{"line":18,"column":20},"end":{"line":18,"column":21}},"loc":{"start":{"line":18,"column":59},"end":{"line":45,"column":1}},"line":18},"2":{"name":"(anonymous_2)","decl":{"start":{"line":27,"column":10},"end":{"line":27,"column":11}},"loc":{"start":{"line":27,"column":19},"end":{"line":44,"column":5}},"line":27},"3":{"name":"(anonymous_3)","decl":{"start":{"line":47,"column":27},"end":{"line":47,"column":28}},"loc":{"start":{"line":47,"column":38},"end":{"line":49,"column":1}},"line":47},"4":{"name":"(anonymous_4)","decl":{"start":{"line":51,"column":21},"end":{"line":51,"column":22}},"loc":{"start":{"line":54,"column":4},"end":{"line":114,"column":10}},"line":54},"5":{"name":"(anonymous_5)","decl":{"start":{"line":59,"column":18},"end":{"line":59,"column":19}},"loc":{"start":{"line":59,"column":24},"end":{"line":61,"column":9}},"line":59},"6":{"name":"(anonymous_6)","decl":{"start":{"line":86,"column":19},"end":{"line":86,"column":20}},"loc":{"start":{"line":86,"column":30},"end":{"line":89,"column":11}},"line":86},"7":{"name":"(anonymous_7)","decl":{"start":{"line":96,"column":19},"end":{"line":96,"column":20}},"loc":{"start":{"line":96,"column":30},"end":{"line":102,"column":11}},"line":96},"8":{"name":"(anonymous_8)","decl":{"start":{"line":98,"column":41},"end":{"line":98,"column":42}},"loc":{"start":{"line":98,"column":52},"end":{"line":98,"column":54}},"line":98},"9":{"name":"(anonymous_9)","decl":{"start":{"line":107,"column":19},"end":{"line":107,"column":20}},"loc":{"start":{"line":107,"column":30},"end":{"line":111,"column":11}},"line":107}},"branchMap":{"0":{"loc":{"start":{"line":11,"column":2},"end":{"line":15,"column":3}},"type":"if","locations":[{"start":{"line":11,"column":2},"end":{"line":15,"column":3}},{"start":{"line":11,"column":2},"end":{"line":15,"column":3}}],"line":11},"1":{"loc":{"start":{"line":20,"column":2},"end":{"line":22,"column":3}},"type":"if","locations":[{"start":{"line":20,"column":2},"end":{"line":22,"column":3}},{"start":{"line":20,"column":2},"end":{"line":22,"column":3}}],"line":20},"2":{"loc":{"start":{"line":23,"column":2},"end":{"line":25,"column":3}},"type":"if","locations":[{"start":{"line":23,"column":2},"end":{"line":25,"column":3}},{"start":{"line":23,"column":2},"end":{"line":25,"column":3}}],"line":23},"3":{"loc":{"start":{"line":28,"column":6},"end":{"line":43,"column":7}},"type":"if","locations":[{"start":{"line":28,"column":6},"end":{"line":43,"column":7}},{"start":{"line":28,"column":6},"end":{"line":43,"column":7}}],"line":28},"4":{"loc":{"start":{"line":93,"column":28},"end":{"line":94,"column":52}},"type":"cond-expr","locations":[{"start":{"line":94,"column":41},"end":{"line":94,"column":43}},{"start":{"line":94,"column":46},"end":{"line":94,"column":52}}],"line":93},"5":{"loc":{"start":{"line":93,"column":28},"end":{"line":94,"column":38}},"type":"binary-expr","locations":[{"start":{"line":93,"column":28},"end":{"line":93,"column":46}},{"start":{"line":93,"column":50},"end":{"line":93,"column":70}},{"start":{"line":94,"column":13},"end":{"line":94,"column":38}}],"line":93}},"s":{"0":1,"1":1,"2":1,"3":1,"4":1,"5":1,"6":1,"7":1,"8":1,"9":1,"10":1,"11":1,"12":0,"13":1,"14":1,"15":0,"16":0,"17":0,"18":1,"19":0,"20":1,"21":1,"22":1,"23":0,"24":0,"25":1,"26":1,"27":0,"28":1,"29":1,"30":1,"31":1,"32":1,"33":1},"f":{"0":1,"1":1,"2":1,"3":0,"4":1,"5":1,"6":0,"7":1,"8":0,"9":1},"b":{"0":[1,0],"1":[1,0],"2":[0,1],"3":[0,0],"4":[1,0],"5":[1,0,0]},"_coverageSchema":"332fd63041d2c1bcb487cc26dd0d5f7d97098a6c","hash":"6640d7d0b5941e32b0264cc592e79ed5369a0922"}
,"/Users/andeladeveloper/Documents/AndelaProjects/DocManager/client/components/presentation/Search.jsx": {"path":"/Users/andeladeveloper/Documents/AndelaProjects/DocManager/client/components/presentation/Search.jsx","statementMap":{"0":{"start":{"line":5,"column":15},"end":{"line":18,"column":1}},"1":{"start":{"line":6,"column":2},"end":{"line":17,"column":8}},"2":{"start":{"line":11,"column":29},"end":{"line":11,"column":62}},"3":{"start":{"line":12,"column":10},"end":{"line":12,"column":38}},"4":{"start":{"line":20,"column":0},"end":{"line":22,"column":2}}},"fnMap":{"0":{"name":"(anonymous_0)","decl":{"start":{"line":5,"column":15},"end":{"line":5,"column":16}},"loc":{"start":{"line":6,"column":2},"end":{"line":17,"column":8}},"line":6},"1":{"name":"(anonymous_1)","decl":{"start":{"line":10,"column":18},"end":{"line":10,"column":19}},"loc":{"start":{"line":10,"column":24},"end":{"line":13,"column":9}},"line":10}},"branchMap":{},"s":{"0":2,"1":2,"2":1,"3":1,"4":2},"f":{"0":2,"1":1},"b":{},"_coverageSchema":"332fd63041d2c1bcb487cc26dd0d5f7d97098a6c","hash":"3c92478dce80a350e3afe40ca1bcf81f97828d62"}
,"/Users/andeladeveloper/Documents/AndelaProjects/DocManager/client/components/presentation/SigninForm.jsx": {"path":"/Users/andeladeveloper/Documents/AndelaProjects/DocManager/client/components/presentation/SigninForm.jsx","statementMap":{"0":{"start":{"line":18,"column":19},"end":{"line":40,"column":1}},"1":{"start":{"line":20,"column":2},"end":{"line":20,"column":25}},"2":{"start":{"line":22,"column":19},"end":{"line":22,"column":58}},"3":{"start":{"line":23,"column":19},"end":{"line":23,"column":62}},"4":{"start":{"line":24,"column":19},"end":{"line":24,"column":41}},"5":{"start":{"line":26,"column":2},"end":{"line":39,"column":7}},"6":{"start":{"line":28,"column":6},"end":{"line":38,"column":7}},"7":{"start":{"line":29,"column":8},"end":{"line":29,"column":31}},"8":{"start":{"line":30,"column":8},"end":{"line":30,"column":40}},"9":{"start":{"line":32,"column":8},"end":{"line":37,"column":11}},"10":{"start":{"line":48,"column":19},"end":{"line":60,"column":1}},"11":{"start":{"line":50,"column":4},"end":{"line":59,"column":10}},"12":{"start":{"line":57,"column":10},"end":{"line":57,"column":72}},"13":{"start":{"line":62,"column":0},"end":{"line":70,"column":2}}},"fnMap":{"0":{"name":"(anonymous_0)","decl":{"start":{"line":18,"column":19},"end":{"line":18,"column":20}},"loc":{"start":{"line":18,"column":75},"end":{"line":40,"column":1}},"line":18},"1":{"name":"(anonymous_1)","decl":{"start":{"line":27,"column":10},"end":{"line":27,"column":11}},"loc":{"start":{"line":27,"column":19},"end":{"line":39,"column":5}},"line":27},"2":{"name":"(anonymous_2)","decl":{"start":{"line":48,"column":19},"end":{"line":48,"column":20}},"loc":{"start":{"line":50,"column":4},"end":{"line":59,"column":10}},"line":50},"3":{"name":"(anonymous_3)","decl":{"start":{"line":56,"column":17},"end":{"line":56,"column":18}},"loc":{"start":{"line":57,"column":10},"end":{"line":57,"column":72}},"line":57}},"branchMap":{"0":{"loc":{"start":{"line":28,"column":6},"end":{"line":38,"column":7}},"type":"if","locations":[{"start":{"line":28,"column":6},"end":{"line":38,"column":7}},{"start":{"line":28,"column":6},"end":{"line":38,"column":7}}],"line":28}},"s":{"0":2,"1":1,"2":1,"3":1,"4":1,"5":1,"6":1,"7":0,"8":0,"9":0,"10":2,"11":2,"12":1,"13":2},"f":{"0":1,"1":1,"2":2,"3":1},"b":{"0":[0,0]},"_coverageSchema":"332fd63041d2c1bcb487cc26dd0d5f7d97098a6c","hash":"3719f966432a830cec475c073d243832244fef2f"}
,"/Users/andeladeveloper/Documents/AndelaProjects/DocManager/client/components/presentation/SignupForm.jsx": {"path":"/Users/andeladeveloper/Documents/AndelaProjects/DocManager/client/components/presentation/SignupForm.jsx","statementMap":{"0":{"start":{"line":16,"column":15},"end":{"line":51,"column":1}},"1":{"start":{"line":17,"column":2},"end":{"line":17,"column":25}},"2":{"start":{"line":18,"column":19},"end":{"line":18,"column":62}},"3":{"start":{"line":19,"column":16},"end":{"line":19,"column":56}},"4":{"start":{"line":20,"column":19},"end":{"line":20,"column":62}},"5":{"start":{"line":21,"column":26},"end":{"line":21,"column":76}},"6":{"start":{"line":22,"column":20},"end":{"line":23,"column":23}},"7":{"start":{"line":24,"column":17},"end":{"line":24,"column":66}},"8":{"start":{"line":25,"column":19},"end":{"line":25,"column":23}},"9":{"start":{"line":27,"column":4},"end":{"line":27,"column":79}},"10":{"start":{"line":28,"column":2},"end":{"line":50,"column":3}},"11":{"start":{"line":29,"column":4},"end":{"line":42,"column":9}},"12":{"start":{"line":31,"column":8},"end":{"line":41,"column":9}},"13":{"start":{"line":32,"column":10},"end":{"line":32,"column":33}},"14":{"start":{"line":33,"column":10},"end":{"line":33,"column":42}},"15":{"start":{"line":35,"column":10},"end":{"line":40,"column":13}},"16":{"start":{"line":44,"column":4},"end":{"line":49,"column":7}},"17":{"start":{"line":56,"column":19},"end":{"line":127,"column":3}},"18":{"start":{"line":58,"column":4},"end":{"line":126,"column":10}},"19":{"start":{"line":124,"column":19},"end":{"line":124,"column":77}},"20":{"start":{"line":129,"column":0},"end":{"line":137,"column":2}}},"fnMap":{"0":{"name":"(anonymous_0)","decl":{"start":{"line":16,"column":15},"end":{"line":16,"column":16}},"loc":{"start":{"line":16,"column":71},"end":{"line":51,"column":1}},"line":16},"1":{"name":"(anonymous_1)","decl":{"start":{"line":30,"column":12},"end":{"line":30,"column":13}},"loc":{"start":{"line":30,"column":21},"end":{"line":42,"column":7}},"line":30},"2":{"name":"(anonymous_2)","decl":{"start":{"line":56,"column":19},"end":{"line":56,"column":20}},"loc":{"start":{"line":58,"column":4},"end":{"line":126,"column":10}},"line":58},"3":{"name":"(anonymous_3)","decl":{"start":{"line":124,"column":10},"end":{"line":124,"column":11}},"loc":{"start":{"line":124,"column":19},"end":{"line":124,"column":77}},"line":124}},"branchMap":{"0":{"loc":{"start":{"line":28,"column":2},"end":{"line":50,"column":3}},"type":"if","locations":[{"start":{"line":28,"column":2},"end":{"line":50,"column":3}},{"start":{"line":28,"column":2},"end":{"line":50,"column":3}}],"line":28},"1":{"loc":{"start":{"line":31,"column":8},"end":{"line":41,"column":9}},"type":"if","locations":[{"start":{"line":31,"column":8},"end":{"line":41,"column":9}},{"start":{"line":31,"column":8},"end":{"line":41,"column":9}}],"line":31}},"s":{"0":2,"1":1,"2":1,"3":1,"4":1,"5":1,"6":1,"7":1,"8":1,"9":1,"10":1,"11":1,"12":1,"13":0,"14":0,"15":0,"16":0,"17":2,"18":2,"19":1,"20":2},"f":{"0":1,"1":1,"2":2,"3":1},"b":{"0":[1,0],"1":[0,0]},"_coverageSchema":"332fd63041d2c1bcb487cc26dd0d5f7d97098a6c","hash":"1781ecbcb1a45165b1ad8996c00400835917edeb"}
,"/Users/andeladeveloper/Documents/AndelaProjects/DocManager/client/components/presentation/UserView.jsx": {"path":"/Users/andeladeveloper/Documents/AndelaProjects/DocManager/client/components/presentation/UserView.jsx","statementMap":{"0":{"start":{"line":6,"column":19},"end":{"line":34,"column":1}},"1":{"start":{"line":7,"column":21},"end":{"line":7,"column":23}},"2":{"start":{"line":8,"column":2},"end":{"line":10,"column":3}},"3":{"start":{"line":9,"column":4},"end":{"line":9,"column":45}},"4":{"start":{"line":11,"column":2},"end":{"line":13,"column":3}},"5":{"start":{"line":12,"column":4},"end":{"line":12,"column":53}},"6":{"start":{"line":14,"column":2},"end":{"line":16,"column":3}},"7":{"start":{"line":15,"column":4},"end":{"line":15,"column":50}},"8":{"start":{"line":17,"column":2},"end":{"line":33,"column":5}},"9":{"start":{"line":18,"column":4},"end":{"line":32,"column":5}},"10":{"start":{"line":19,"column":6},"end":{"line":24,"column":9}},"11":{"start":{"line":26,"column":6},"end":{"line":31,"column":9}},"12":{"start":{"line":36,"column":17},"end":{"line":125,"column":3}},"13":{"start":{"line":38,"column":4},"end":{"line":124,"column":10}},"14":{"start":{"line":59,"column":14},"end":{"line":59,"column":54}},"15":{"start":{"line":107,"column":12},"end":{"line":107,"column":35}},"16":{"start":{"line":108,"column":12},"end":{"line":108,"column":61}},"17":{"start":{"line":108,"column":56},"end":{"line":108,"column":58}},"18":{"start":{"line":109,"column":12},"end":{"line":109,"column":36}},"19":{"start":{"line":110,"column":12},"end":{"line":110,"column":65}},"20":{"start":{"line":117,"column":12},"end":{"line":117,"column":35}},"21":{"start":{"line":118,"column":12},"end":{"line":118,"column":61}},"22":{"start":{"line":118,"column":56},"end":{"line":118,"column":58}},"23":{"start":{"line":119,"column":12},"end":{"line":119,"column":65}},"24":{"start":{"line":120,"column":12},"end":{"line":120,"column":47}},"25":{"start":{"line":127,"column":0},"end":{"line":136,"column":2}}},"fnMap":{"0":{"name":"(anonymous_0)","decl":{"start":{"line":6,"column":19},"end":{"line":6,"column":20}},"loc":{"start":{"line":6,"column":41},"end":{"line":34,"column":1}},"line":6},"1":{"name":"(anonymous_1)","decl":{"start":{"line":17,"column":36},"end":{"line":17,"column":37}},"loc":{"start":{"line":17,"column":45},"end":{"line":33,"column":3}},"line":17},"2":{"name":"(anonymous_2)","decl":{"start":{"line":36,"column":17},"end":{"line":36,"column":18}},"loc":{"start":{"line":38,"column":4},"end":{"line":124,"column":10}},"line":38},"3":{"name":"(anonymous_3)","decl":{"start":{"line":58,"column":22},"end":{"line":58,"column":23}},"loc":{"start":{"line":58,"column":28},"end":{"line":60,"column":13}},"line":58},"4":{"name":"(anonymous_4)","decl":{"start":{"line":106,"column":19},"end":{"line":106,"column":20}},"loc":{"start":{"line":106,"column":30},"end":{"line":111,"column":11}},"line":106},"5":{"name":"(anonymous_5)","decl":{"start":{"line":108,"column":45},"end":{"line":108,"column":46}},"loc":{"start":{"line":108,"column":56},"end":{"line":108,"column":58}},"line":108},"6":{"name":"(anonymous_6)","decl":{"start":{"line":116,"column":19},"end":{"line":116,"column":20}},"loc":{"start":{"line":116,"column":30},"end":{"line":121,"column":11}},"line":116},"7":{"name":"(anonymous_7)","decl":{"start":{"line":118,"column":45},"end":{"line":118,"column":46}},"loc":{"start":{"line":118,"column":56},"end":{"line":118,"column":58}},"line":118}},"branchMap":{"0":{"loc":{"start":{"line":8,"column":2},"end":{"line":10,"column":3}},"type":"if","locations":[{"start":{"line":8,"column":2},"end":{"line":10,"column":3}},{"start":{"line":8,"column":2},"end":{"line":10,"column":3}}],"line":8},"1":{"loc":{"start":{"line":11,"column":2},"end":{"line":13,"column":3}},"type":"if","locations":[{"start":{"line":11,"column":2},"end":{"line":13,"column":3}},{"start":{"line":11,"column":2},"end":{"line":13,"column":3}}],"line":11},"2":{"loc":{"start":{"line":14,"column":2},"end":{"line":16,"column":3}},"type":"if","locations":[{"start":{"line":14,"column":2},"end":{"line":16,"column":3}},{"start":{"line":14,"column":2},"end":{"line":16,"column":3}}],"line":14},"3":{"loc":{"start":{"line":18,"column":4},"end":{"line":32,"column":5}},"type":"if","locations":[{"start":{"line":18,"column":4},"end":{"line":32,"column":5}},{"start":{"line":18,"column":4},"end":{"line":32,"column":5}}],"line":18}},"s":{"0":1,"1":1,"2":1,"3":1,"4":1,"5":1,"6":1,"7":1,"8":1,"9":1,"10":0,"11":1,"12":1,"13":2,"14":1,"15":1,"16":1,"17":0,"18":1,"19":1,"20":1,"21":1,"22":0,"23":1,"24":1,"25":1},"f":{"0":1,"1":1,"2":2,"3":1,"4":1,"5":0,"6":1,"7":0},"b":{"0":[1,0],"1":[1,0],"2":[1,0],"3":[0,1]},"_coverageSchema":"332fd63041d2c1bcb487cc26dd0d5f7d97098a6c","hash":"ccf79c584ab8edddb9bca2765698194fa10f2e33"}
,"/Users/andeladeveloper/Documents/AndelaProjects/DocManager/client/mockObjects/localStorage.js": {"path":"/Users/andeladeveloper/Documents/AndelaProjects/DocManager/client/mockObjects/localStorage.js","statementMap":{"0":{"start":{"line":9,"column":4},"end":{"line":9,"column":20}},"1":{"start":{"line":16,"column":4},"end":{"line":16,"column":20}},"2":{"start":{"line":25,"column":4},"end":{"line":25,"column":27}},"3":{"start":{"line":34,"column":4},"end":{"line":34,"column":28}},"4":{"start":{"line":43,"column":4},"end":{"line":43,"column":27}},"5":{"start":{"line":47,"column":0},"end":{"line":47,"column":45}}},"fnMap":{"0":{"name":"(anonymous_0)","decl":{"start":{"line":8,"column":2},"end":{"line":8,"column":3}},"loc":{"start":{"line":8,"column":16},"end":{"line":10,"column":3}},"line":8},"1":{"name":"(anonymous_1)","decl":{"start":{"line":15,"column":2},"end":{"line":15,"column":3}},"loc":{"start":{"line":15,"column":10},"end":{"line":17,"column":3}},"line":15},"2":{"name":"(anonymous_2)","decl":{"start":{"line":24,"column":2},"end":{"line":24,"column":3}},"loc":{"start":{"line":24,"column":15},"end":{"line":26,"column":3}},"line":24},"3":{"name":"(anonymous_3)","decl":{"start":{"line":33,"column":2},"end":{"line":33,"column":3}},"loc":{"start":{"line":33,"column":22},"end":{"line":35,"column":3}},"line":33},"4":{"name":"(anonymous_4)","decl":{"start":{"line":42,"column":2},"end":{"line":42,"column":3}},"loc":{"start":{"line":42,"column":18},"end":{"line":44,"column":3}},"line":42}},"branchMap":{},"s":{"0":4,"1":2,"2":16,"3":9,"4":0,"5":4},"f":{"0":4,"1":2,"2":16,"3":9,"4":0},"b":{},"_coverageSchema":"332fd63041d2c1bcb487cc26dd0d5f7d97098a6c","hash":"2ecbba4a56c866987376721a4a83db67ef4a295f"}
,"/Users/andeladeveloper/Documents/AndelaProjects/DocManager/client/reducers/documentReducers.js": {"path":"/Users/andeladeveloper/Documents/AndelaProjects/DocManager/client/reducers/documentReducers.js","statementMap":{"0":{"start":{"line":11,"column":25},"end":{"line":32,"column":1}},"1":{"start":{"line":15,"column":2},"end":{"line":31,"column":3}},"2":{"start":{"line":17,"column":4},"end":{"line":19,"column":7}},"3":{"start":{"line":21,"column":4},"end":{"line":23,"column":7}},"4":{"start":{"line":25,"column":4},"end":{"line":28,"column":7}},"5":{"start":{"line":30,"column":4},"end":{"line":30,"column":17}},"6":{"start":{"line":42,"column":28},"end":{"line":88,"column":1}},"7":{"start":{"line":51,"column":2},"end":{"line":87,"column":3}},"8":{"start":{"line":53,"column":4},"end":{"line":56,"column":7}},"9":{"start":{"line":58,"column":4},"end":{"line":62,"column":7}},"10":{"start":{"line":64,"column":4},"end":{"line":66,"column":7}},"11":{"start":{"line":68,"column":4},"end":{"line":70,"column":7}},"12":{"start":{"line":72,"column":4},"end":{"line":74,"column":7}},"13":{"start":{"line":76,"column":4},"end":{"line":78,"column":7}},"14":{"start":{"line":80,"column":4},"end":{"line":84,"column":7}},"15":{"start":{"line":86,"column":4},"end":{"line":86,"column":17}},"16":{"start":{"line":98,"column":30},"end":{"line":237,"column":1}},"17":{"start":{"line":110,"column":2},"end":{"line":236,"column":3}},"18":{"start":{"line":112,"column":4},"end":{"line":115,"column":7}},"19":{"start":{"line":117,"column":4},"end":{"line":122,"column":7}},"20":{"start":{"line":121,"column":28},"end":{"line":121,"column":56}},"21":{"start":{"line":124,"column":4},"end":{"line":127,"column":7}},"22":{"start":{"line":129,"column":4},"end":{"line":135,"column":7}},"23":{"start":{"line":137,"column":4},"end":{"line":141,"column":7}},"24":{"start":{"line":143,"column":4},"end":{"line":147,"column":7}},"25":{"start":{"line":149,"column":4},"end":{"line":155,"column":7}},"26":{"start":{"line":157,"column":4},"end":{"line":161,"column":7}},"27":{"start":{"line":164,"column":4},"end":{"line":168,"column":7}},"28":{"start":{"line":171,"column":4},"end":{"line":177,"column":7}},"29":{"start":{"line":180,"column":4},"end":{"line":185,"column":7}},"30":{"start":{"line":188,"column":4},"end":{"line":192,"column":7}},"31":{"start":{"line":195,"column":4},"end":{"line":201,"column":7}},"32":{"start":{"line":204,"column":4},"end":{"line":209,"column":7}},"33":{"start":{"line":212,"column":4},"end":{"line":216,"column":7}},"34":{"start":{"line":219,"column":4},"end":{"line":225,"column":7}},"35":{"start":{"line":228,"column":4},"end":{"line":233,"column":7}},"36":{"start":{"line":235,"column":4},"end":{"line":235,"column":17}}},"fnMap":{"0":{"name":"(anonymous_0)","decl":{"start":{"line":11,"column":25},"end":{"line":11,"column":26}},"loc":{"start":{"line":14,"column":14},"end":{"line":32,"column":1}},"line":14},"1":{"name":"(anonymous_1)","decl":{"start":{"line":42,"column":28},"end":{"line":42,"column":29}},"loc":{"start":{"line":50,"column":14},"end":{"line":88,"column":1}},"line":50},"2":{"name":"(anonymous_2)","decl":{"start":{"line":98,"column":30},"end":{"line":98,"column":31}},"loc":{"start":{"line":109,"column":14},"end":{"line":237,"column":1}},"line":109},"3":{"name":"(anonymous_3)","decl":{"start":{"line":121,"column":16},"end":{"line":121,"column":17}},"loc":{"start":{"line":121,"column":28},"end":{"line":121,"column":56}},"line":121}},"branchMap":{"0":{"loc":{"start":{"line":11,"column":26},"end":{"line":14,"column":1}},"type":"default-arg","locations":[{"start":{"line":11,"column":34},"end":{"line":14,"column":1}}],"line":11},"1":{"loc":{"start":{"line":15,"column":2},"end":{"line":31,"column":3}},"type":"switch","locations":[{"start":{"line":16,"column":2},"end":{"line":19,"column":7}},{"start":{"line":20,"column":2},"end":{"line":23,"column":7}},{"start":{"line":24,"column":2},"end":{"line":28,"column":7}},{"start":{"line":29,"column":2},"end":{"line":30,"column":17}}],"line":15},"2":{"loc":{"start":{"line":42,"column":29},"end":{"line":50,"column":1}},"type":"default-arg","locations":[{"start":{"line":42,"column":37},"end":{"line":50,"column":1}}],"line":42},"3":{"loc":{"start":{"line":51,"column":2},"end":{"line":87,"column":3}},"type":"switch","locations":[{"start":{"line":52,"column":2},"end":{"line":56,"column":7}},{"start":{"line":57,"column":2},"end":{"line":62,"column":7}},{"start":{"line":63,"column":2},"end":{"line":66,"column":7}},{"start":{"line":67,"column":2},"end":{"line":70,"column":7}},{"start":{"line":71,"column":2},"end":{"line":74,"column":7}},{"start":{"line":75,"column":2},"end":{"line":78,"column":7}},{"start":{"line":79,"column":2},"end":{"line":84,"column":7}},{"start":{"line":85,"column":2},"end":{"line":86,"column":17}}],"line":51},"4":{"loc":{"start":{"line":98,"column":31},"end":{"line":109,"column":1}},"type":"default-arg","locations":[{"start":{"line":98,"column":39},"end":{"line":109,"column":1}}],"line":98},"5":{"loc":{"start":{"line":110,"column":2},"end":{"line":236,"column":3}},"type":"switch","locations":[{"start":{"line":111,"column":2},"end":{"line":115,"column":7}},{"start":{"line":116,"column":2},"end":{"line":122,"column":7}},{"start":{"line":123,"column":2},"end":{"line":127,"column":7}},{"start":{"line":128,"column":2},"end":{"line":135,"column":7}},{"start":{"line":136,"column":2},"end":{"line":141,"column":7}},{"start":{"line":142,"column":2},"end":{"line":147,"column":7}},{"start":{"line":148,"column":2},"end":{"line":155,"column":7}},{"start":{"line":156,"column":2},"end":{"line":161,"column":7}},{"start":{"line":163,"column":2},"end":{"line":168,"column":7}},{"start":{"line":170,"column":2},"end":{"line":177,"column":7}},{"start":{"line":179,"column":2},"end":{"line":185,"column":7}},{"start":{"line":187,"column":2},"end":{"line":192,"column":7}},{"start":{"line":194,"column":2},"end":{"line":201,"column":7}},{"start":{"line":203,"column":2},"end":{"line":209,"column":7}},{"start":{"line":211,"column":2},"end":{"line":216,"column":7}},{"start":{"line":218,"column":2},"end":{"line":225,"column":7}},{"start":{"line":227,"column":2},"end":{"line":233,"column":7}},{"start":{"line":234,"column":2},"end":{"line":235,"column":17}}],"line":110},"6":{"loc":{"start":{"line":132,"column":22},"end":{"line":132,"column":41}},"type":"binary-expr","locations":[{"start":{"line":132,"column":22},"end":{"line":132,"column":35}},{"start":{"line":132,"column":39},"end":{"line":132,"column":41}}],"line":132}},"s":{"0":1,"1":5,"2":1,"3":1,"4":2,"5":1,"6":1,"7":13,"8":2,"9":2,"10":1,"11":1,"12":2,"13":1,"14":3,"15":1,"16":1,"17":44,"18":2,"19":2,"20":2,"21":1,"22":3,"23":1,"24":1,"25":5,"26":2,"27":2,"28":4,"29":5,"30":2,"31":4,"32":0,"33":2,"34":4,"35":3,"36":1},"f":{"0":5,"1":13,"2":44,"3":2},"b":{"0":[1],"1":[1,1,2,1],"2":[1],"3":[2,2,1,1,2,1,3,1],"4":[1],"5":[2,2,1,3,1,1,5,2,2,4,5,2,4,0,2,4,3,1],"6":[3,0]},"_coverageSchema":"332fd63041d2c1bcb487cc26dd0d5f7d97098a6c","hash":"548a69082fafcb1d25071fb7a140fceece9b91e2"}
,"/Users/andeladeveloper/Documents/AndelaProjects/DocManager/client/reducers/userReducers.js": {"path":"/Users/andeladeveloper/Documents/AndelaProjects/DocManager/client/reducers/userReducers.js","statementMap":{"0":{"start":{"line":11,"column":32},"end":{"line":94,"column":1}},"1":{"start":{"line":24,"column":2},"end":{"line":93,"column":3}},"2":{"start":{"line":26,"column":4},"end":{"line":28,"column":7}},"3":{"start":{"line":30,"column":4},"end":{"line":32,"column":7}},"4":{"start":{"line":34,"column":4},"end":{"line":36,"column":7}},"5":{"start":{"line":38,"column":4},"end":{"line":40,"column":7}},"6":{"start":{"line":42,"column":4},"end":{"line":44,"column":7}},"7":{"start":{"line":46,"column":4},"end":{"line":56,"column":7}},"8":{"start":{"line":58,"column":4},"end":{"line":62,"column":7}},"9":{"start":{"line":64,"column":4},"end":{"line":66,"column":7}},"10":{"start":{"line":69,"column":4},"end":{"line":72,"column":7}},"11":{"start":{"line":74,"column":4},"end":{"line":84,"column":7}},"12":{"start":{"line":86,"column":4},"end":{"line":90,"column":7}},"13":{"start":{"line":92,"column":4},"end":{"line":92,"column":17}},"14":{"start":{"line":104,"column":29},"end":{"line":142,"column":1}},"15":{"start":{"line":111,"column":2},"end":{"line":141,"column":3}},"16":{"start":{"line":113,"column":4},"end":{"line":116,"column":7}},"17":{"start":{"line":118,"column":4},"end":{"line":121,"column":7}},"18":{"start":{"line":123,"column":4},"end":{"line":129,"column":7}},"19":{"start":{"line":131,"column":4},"end":{"line":138,"column":7}},"20":{"start":{"line":133,"column":8},"end":{"line":135,"column":9}},"21":{"start":{"line":134,"column":10},"end":{"line":134,"column":41}},"22":{"start":{"line":136,"column":8},"end":{"line":136,"column":20}},"23":{"start":{"line":140,"column":4},"end":{"line":140,"column":17}},"24":{"start":{"line":152,"column":30},"end":{"line":168,"column":1}},"25":{"start":{"line":156,"column":2},"end":{"line":167,"column":3}},"26":{"start":{"line":158,"column":4},"end":{"line":160,"column":7}},"27":{"start":{"line":162,"column":4},"end":{"line":164,"column":7}},"28":{"start":{"line":166,"column":4},"end":{"line":166,"column":17}}},"fnMap":{"0":{"name":"(anonymous_0)","decl":{"start":{"line":11,"column":32},"end":{"line":11,"column":33}},"loc":{"start":{"line":23,"column":14},"end":{"line":94,"column":1}},"line":23},"1":{"name":"(anonymous_1)","decl":{"start":{"line":104,"column":29},"end":{"line":104,"column":30}},"loc":{"start":{"line":110,"column":14},"end":{"line":142,"column":1}},"line":110},"2":{"name":"(anonymous_2)","decl":{"start":{"line":132,"column":29},"end":{"line":132,"column":30}},"loc":{"start":{"line":132,"column":39},"end":{"line":137,"column":7}},"line":132},"3":{"name":"(anonymous_3)","decl":{"start":{"line":152,"column":30},"end":{"line":152,"column":31}},"loc":{"start":{"line":155,"column":14},"end":{"line":168,"column":1}},"line":155}},"branchMap":{"0":{"loc":{"start":{"line":11,"column":33},"end":{"line":23,"column":1}},"type":"default-arg","locations":[{"start":{"line":11,"column":41},"end":{"line":23,"column":1}}],"line":11},"1":{"loc":{"start":{"line":24,"column":2},"end":{"line":93,"column":3}},"type":"switch","locations":[{"start":{"line":25,"column":2},"end":{"line":28,"column":7}},{"start":{"line":29,"column":2},"end":{"line":32,"column":7}},{"start":{"line":33,"column":2},"end":{"line":36,"column":7}},{"start":{"line":37,"column":2},"end":{"line":40,"column":7}},{"start":{"line":41,"column":2},"end":{"line":44,"column":7}},{"start":{"line":45,"column":2},"end":{"line":56,"column":7}},{"start":{"line":57,"column":2},"end":{"line":62,"column":7}},{"start":{"line":63,"column":2},"end":{"line":66,"column":7}},{"start":{"line":68,"column":2},"end":{"line":72,"column":7}},{"start":{"line":73,"column":2},"end":{"line":84,"column":7}},{"start":{"line":85,"column":2},"end":{"line":90,"column":7}},{"start":{"line":91,"column":2},"end":{"line":92,"column":17}}],"line":24},"2":{"loc":{"start":{"line":48,"column":16},"end":{"line":48,"column":53}},"type":"binary-expr","locations":[{"start":{"line":48,"column":16},"end":{"line":48,"column":42}},{"start":{"line":48,"column":46},"end":{"line":48,"column":53}}],"line":48},"3":{"loc":{"start":{"line":49,"column":14},"end":{"line":49,"column":43}},"type":"binary-expr","locations":[{"start":{"line":49,"column":14},"end":{"line":49,"column":38}},{"start":{"line":49,"column":42},"end":{"line":49,"column":43}}],"line":49},"4":{"loc":{"start":{"line":76,"column":16},"end":{"line":76,"column":53}},"type":"binary-expr","locations":[{"start":{"line":76,"column":16},"end":{"line":76,"column":42}},{"start":{"line":76,"column":46},"end":{"line":76,"column":53}}],"line":76},"5":{"loc":{"start":{"line":77,"column":14},"end":{"line":77,"column":43}},"type":"binary-expr","locations":[{"start":{"line":77,"column":14},"end":{"line":77,"column":38}},{"start":{"line":77,"column":42},"end":{"line":77,"column":43}}],"line":77},"6":{"loc":{"start":{"line":104,"column":30},"end":{"line":110,"column":1}},"type":"default-arg","locations":[{"start":{"line":104,"column":38},"end":{"line":110,"column":1}}],"line":104},"7":{"loc":{"start":{"line":111,"column":2},"end":{"line":141,"column":3}},"type":"switch","locations":[{"start":{"line":112,"column":2},"end":{"line":116,"column":7}},{"start":{"line":117,"column":2},"end":{"line":121,"column":7}},{"start":{"line":122,"column":2},"end":{"line":129,"column":7}},{"start":{"line":130,"column":2},"end":{"line":138,"column":7}},{"start":{"line":139,"column":2},"end":{"line":140,"column":17}}],"line":111},"8":{"loc":{"start":{"line":126,"column":19},"end":{"line":126,"column":41}},"type":"binary-expr","locations":[{"start":{"line":126,"column":19},"end":{"line":126,"column":36}},{"start":{"line":126,"column":40},"end":{"line":126,"column":41}}],"line":126},"9":{"loc":{"start":{"line":133,"column":8},"end":{"line":135,"column":9}},"type":"if","locations":[{"start":{"line":133,"column":8},"end":{"line":135,"column":9}},{"start":{"line":133,"column":8},"end":{"line":135,"column":9}}],"line":133},"10":{"loc":{"start":{"line":152,"column":31},"end":{"line":155,"column":1}},"type":"default-arg","locations":[{"start":{"line":152,"column":39},"end":{"line":155,"column":1}}],"line":152},"11":{"loc":{"start":{"line":156,"column":2},"end":{"line":167,"column":3}},"type":"switch","locations":[{"start":{"line":157,"column":2},"end":{"line":160,"column":7}},{"start":{"line":161,"column":2},"end":{"line":164,"column":7}},{"start":{"line":165,"column":2},"end":{"line":166,"column":17}}],"line":156}},"s":{"0":1,"1":27,"2":1,"3":2,"4":1,"5":1,"6":1,"7":6,"8":2,"9":3,"10":2,"11":4,"12":2,"13":2,"14":1,"15":14,"16":4,"17":4,"18":5,"19":0,"20":0,"21":0,"22":0,"23":1,"24":1,"25":2,"26":1,"27":0,"28":1},"f":{"0":27,"1":14,"2":0,"3":2},"b":{"0":[1],"1":[1,2,1,1,1,6,2,3,2,4,2,2],"2":[6,0],"3":[6,0],"4":[4,0],"5":[4,0],"6":[1],"7":[4,4,5,0,1],"8":[5,0],"9":[0,0],"10":[1],"11":[1,0,1]},"_coverageSchema":"332fd63041d2c1bcb487cc26dd0d5f7d97098a6c","hash":"5056c1a46cbad0e7abdbcc7d883eeac02a68ffb6"}
}
