TN:
SF:/Users/andeladeveloper/Documents/AndelaProjects/DocManager/client/actions/documentActions.js
FN:8,(anonymous_0)
FN:18,(anonymous_1)
FN:28,(anonymous_2)
FN:39,(anonymous_3)
FN:39,(anonymous_4)
FN:42,(anonymous_5)
FN:46,(anonymous_6)
FN:57,(anonymous_7)
FN:68,(anonymous_8)
FN:80,(anonymous_9)
FN:91,(anonymous_10)
FN:91,(anonymous_11)
FN:96,(anonymous_12)
FN:100,(anonymous_13)
FN:112,(anonymous_14)
FN:123,(anonymous_15)
FN:135,(anonymous_16)
FN:145,(anonymous_17)
FN:145,(anonymous_18)
FN:149,(anonymous_19)
FN:153,(anonymous_20)
FN:165,(anonymous_21)
FN:179,(anonymous_22)
FN:192,(anonymous_23)
FN:204,(anonymous_24)
FN:204,(anonymous_25)
FN:209,(anonymous_26)
FN:213,(anonymous_27)
FN:224,(anonymous_28)
FN:235,(anonymous_29)
FN:247,(anonymous_30)
FN:258,(anonymous_31)
FN:258,(anonymous_32)
FN:264,(anonymous_33)
FN:268,(anonymous_34)
FN:279,(anonymous_35)
FN:290,(anonymous_36)
FN:301,(anonymous_37)
FN:312,(anonymous_38)
FN:312,(anonymous_39)
FN:316,(anonymous_40)
FN:320,(anonymous_41)
FN:332,(anonymous_42)
FN:343,(anonymous_43)
FN:343,(anonymous_44)
FN:352,(anonymous_45)
FN:362,(anonymous_46)
FN:373,(anonymous_47)
FN:377,(anonymous_48)
FN:377,(anonymous_49)
FN:382,(anonymous_50)
FN:386,(anonymous_51)
FN:398,(anonymous_52)
FN:410,(anonymous_53)
FN:422,(anonymous_54)
FN:433,(anonymous_55)
FN:433,(anonymous_56)
FN:438,(anonymous_57)
FN:442,(anonymous_58)
FN:460,(anonymous_59)
FN:474,(anonymous_60)
FN:484,(anonymous_61)
FN:484,(anonymous_62)
FN:489,(anonymous_63)
FN:493,(anonymous_64)
FN:510,(anonymous_65)
FN:554,(anonymous_66)
FN:555,(anonymous_67)
FN:559,(anonymous_68)
FN:563,(anonymous_69)
FNF:70
FNH:30
FNDA:3,(anonymous_0)
FNDA:1,(anonymous_1)
FNDA:1,(anonymous_2)
FNDA:2,(anonymous_3)
FNDA:2,(anonymous_4)
FNDA:0,(anonymous_5)
FNDA:0,(anonymous_6)
FNDA:1,(anonymous_7)
FNDA:1,(anonymous_8)
FNDA:1,(anonymous_9)
FNDA:0,(anonymous_10)
FNDA:0,(anonymous_11)
FNDA:0,(anonymous_12)
FNDA:0,(anonymous_13)
FNDA:1,(anonymous_14)
FNDA:1,(anonymous_15)
FNDA:1,(anonymous_16)
FNDA:0,(anonymous_17)
FNDA:0,(anonymous_18)
FNDA:0,(anonymous_19)
FNDA:0,(anonymous_20)
FNDA:2,(anonymous_21)
FNDA:1,(anonymous_22)
FNDA:1,(anonymous_23)
FNDA:0,(anonymous_24)
FNDA:0,(anonymous_25)
FNDA:0,(anonymous_26)
FNDA:0,(anonymous_27)
FNDA:1,(anonymous_28)
FNDA:1,(anonymous_29)
FNDA:1,(anonymous_30)
FNDA:0,(anonymous_31)
FNDA:0,(anonymous_32)
FNDA:0,(anonymous_33)
FNDA:0,(anonymous_34)
FNDA:1,(anonymous_35)
FNDA:1,(anonymous_36)
FNDA:1,(anonymous_37)
FNDA:0,(anonymous_38)
FNDA:0,(anonymous_39)
FNDA:0,(anonymous_40)
FNDA:0,(anonymous_41)
FNDA:1,(anonymous_42)
FNDA:0,(anonymous_43)
FNDA:0,(anonymous_44)
FNDA:1,(anonymous_45)
FNDA:1,(anonymous_46)
FNDA:1,(anonymous_47)
FNDA:0,(anonymous_48)
FNDA:0,(anonymous_49)
FNDA:0,(anonymous_50)
FNDA:0,(anonymous_51)
FNDA:1,(anonymous_52)
FNDA:1,(anonymous_53)
FNDA:1,(anonymous_54)
FNDA:0,(anonymous_55)
FNDA:0,(anonymous_56)
FNDA:0,(anonymous_57)
FNDA:0,(anonymous_58)
FNDA:1,(anonymous_59)
FNDA:1,(anonymous_60)
FNDA:0,(anonymous_61)
FNDA:0,(anonymous_62)
FNDA:0,(anonymous_63)
FNDA:0,(anonymous_64)
FNDA:8,(anonymous_65)
FNDA:0,(anonymous_66)
FNDA:0,(anonymous_67)
FNDA:0,(anonymous_68)
FNDA:0,(anonymous_69)
DA:8,3
DA:18,3
DA:28,3
DA:39,3
DA:40,2
DA:41,2
DA:43,0
DA:44,0
DA:47,0
DA:48,0
DA:57,3
DA:68,3
DA:80,3
DA:91,3
DA:92,0
DA:93,0
DA:94,0
DA:95,0
DA:97,0
DA:99,0
DA:101,0
DA:102,0
DA:112,3
DA:123,3
DA:135,3
DA:145,3
DA:146,0
DA:147,0
DA:148,0
DA:150,0
DA:154,0
DA:165,3
DA:179,3
DA:192,3
DA:204,3
DA:205,0
DA:206,0
DA:207,0
DA:210,0
DA:214,0
DA:224,3
DA:235,3
DA:247,3
DA:258,3
DA:259,0
DA:260,0
DA:263,0
DA:264,0
DA:265,0
DA:269,0
DA:279,3
DA:290,3
DA:301,3
DA:312,3
DA:313,0
DA:314,0
DA:315,0
DA:317,0
DA:318,0
DA:321,0
DA:322,0
DA:332,3
DA:343,3
DA:344,0
DA:352,3
DA:362,3
DA:373,3
DA:377,3
DA:378,0
DA:379,0
DA:380,0
DA:383,0
DA:384,0
DA:387,0
DA:388,0
DA:398,3
DA:410,3
DA:422,3
DA:433,3
DA:434,0
DA:435,0
DA:436,0
DA:439,0
DA:440,0
DA:443,0
DA:444,0
DA:460,3
DA:474,3
DA:484,3
DA:485,0
DA:486,0
DA:487,0
DA:490,0
DA:494,0
DA:495,0
DA:510,3
DA:511,8
DA:512,8
DA:513,8
DA:514,8
DA:516,1
DA:517,1
DA:518,1
DA:520,1
DA:521,1
DA:522,1
DA:527,3
DA:528,3
DA:529,3
DA:531,2
DA:534,2
DA:536,1
DA:537,1
DA:538,1
DA:540,8
DA:554,3
DA:555,0
DA:556,0
DA:557,0
DA:560,0
DA:564,0
DA:565,0
LF:122
LH:60
BRDA:167,0,0,2
BRDA:167,0,1,1
BRDA:260,1,0,0
BRDA:260,1,1,0
BRDA:514,2,0,1
BRDA:514,2,1,1
BRDA:514,2,2,1
BRDA:514,2,3,2
BRDA:514,2,4,3
BRDA:514,2,5,3
BRDA:514,2,6,2
BRDA:514,2,7,1
BRDA:531,3,0,1
BRDA:531,3,1,1
BRF:14
BRH:12
end_of_record
TN:
SF:/Users/andeladeveloper/Documents/AndelaProjects/DocManager/client/actions/types.js
FNF:0
FNH:0
DA:1,6
DA:2,6
DA:3,6
DA:5,6
DA:6,6
DA:7,6
DA:9,6
DA:10,6
DA:11,6
DA:13,6
DA:14,6
DA:15,6
DA:17,6
DA:18,6
DA:19,6
DA:21,6
DA:22,6
DA:23,6
DA:25,6
DA:26,6
DA:27,6
DA:29,6
DA:31,6
DA:32,6
DA:33,6
DA:35,6
DA:36,6
DA:37,6
DA:39,6
DA:40,6
DA:41,6
DA:43,6
DA:44,6
DA:45,6
DA:47,6
DA:48,6
DA:50,6
DA:51,6
DA:52,6
DA:54,6
DA:55,6
DA:57,6
DA:58,6
DA:60,6
LF:44
LH:44
BRF:0
BRH:0
end_of_record
TN:
SF:/Users/andeladeveloper/Documents/AndelaProjects/DocManager/client/actions/userActions.js
FN:8,(anonymous_0)
FN:17,(anonymous_1)
FN:27,(anonymous_2)
FN:37,(anonymous_3)
FN:47,(anonymous_4)
FN:47,(anonymous_5)
FN:50,(anonymous_6)
FN:56,(anonymous_7)
FN:67,(anonymous_8)
FN:76,(anonymous_9)
FN:86,(anonymous_10)
FN:96,(anonymous_11)
FN:96,(anonymous_12)
FN:100,(anonymous_13)
FN:105,(anonymous_14)
FN:115,(anonymous_15)
FN:128,(anonymous_16)
FN:144,(anonymous_17)
FN:156,(anonymous_18)
FN:156,(anonymous_19)
FN:160,(anonymous_20)
FN:164,(anonymous_21)
FN:175,(anonymous_22)
FN:186,(anonymous_23)
FN:198,(anonymous_24)
FN:203,(anonymous_25)
FN:203,(anonymous_26)
FN:207,(anonymous_27)
FN:211,(anonymous_28)
FN:223,(anonymous_29)
FN:234,(anonymous_30)
FN:234,(anonymous_31)
FN:246,(anonymous_32)
FN:257,(anonymous_33)
FN:268,(anonymous_34)
FN:268,(anonymous_35)
FN:271,(anonymous_36)
FN:275,(anonymous_37)
FN:286,(anonymous_38)
FNF:39
FNH:33
FNDA:3,(anonymous_0)
FNDA:2,(anonymous_1)
FNDA:2,(anonymous_2)
FNDA:4,(anonymous_3)
FNDA:2,(anonymous_4)
FNDA:2,(anonymous_5)
FNDA:1,(anonymous_6)
FNDA:1,(anonymous_7)
FNDA:3,(anonymous_8)
FNDA:2,(anonymous_9)
FNDA:2,(anonymous_10)
FNDA:2,(anonymous_11)
FNDA:2,(anonymous_12)
FNDA:1,(anonymous_13)
FNDA:1,(anonymous_14)
FNDA:2,(anonymous_15)
FNDA:1,(anonymous_16)
FNDA:1,(anonymous_17)
FNDA:2,(anonymous_18)
FNDA:2,(anonymous_19)
FNDA:0,(anonymous_20)
FNDA:0,(anonymous_21)
FNDA:3,(anonymous_22)
FNDA:1,(anonymous_23)
FNDA:1,(anonymous_24)
FNDA:2,(anonymous_25)
FNDA:2,(anonymous_26)
FNDA:0,(anonymous_27)
FNDA:0,(anonymous_28)
FNDA:2,(anonymous_29)
FNDA:1,(anonymous_30)
FNDA:1,(anonymous_31)
FNDA:1,(anonymous_32)
FNDA:1,(anonymous_33)
FNDA:2,(anonymous_34)
FNDA:2,(anonymous_35)
FNDA:0,(anonymous_36)
FNDA:0,(anonymous_37)
FNDA:1,(anonymous_38)
DA:8,3
DA:17,2
DA:27,2
DA:37,4
DA:47,2
DA:48,2
DA:49,2
DA:51,1
DA:52,1
DA:53,1
DA:54,1
DA:57,1
DA:58,1
DA:67,3
DA:76,2
DA:86,2
DA:96,2
DA:97,2
DA:98,2
DA:99,2
DA:101,1
DA:102,1
DA:103,1
DA:106,1
DA:107,1
DA:115,2
DA:128,2
DA:129,1
DA:144,2
DA:156,2
DA:157,2
DA:158,2
DA:159,2
DA:161,0
DA:165,0
DA:175,3
DA:186,2
DA:198,2
DA:203,2
DA:204,2
DA:205,2
DA:206,2
DA:208,0
DA:209,0
DA:212,0
DA:213,0
DA:223,2
DA:234,2
DA:235,1
DA:246,2
DA:257,2
DA:268,2
DA:269,2
DA:270,2
DA:272,0
DA:273,0
DA:276,0
DA:278,0
DA:286,2
LF:59
LH:49
BRDA:156,0,0,0
BRF:1
BRH:0
end_of_record
TN:
SF:/Users/andeladeveloper/Documents/AndelaProjects/DocManager/client/components/container/Auth.jsx
FN:9,(anonymous_0)
FNF:1
FNH:0
FNDA:0,(anonymous_0)
DA:9,1
LF:1
LH:1
BRF:0
BRH:0
end_of_record
TN:
SF:/Users/andeladeveloper/Documents/AndelaProjects/DocManager/client/components/container/Search.jsx
FN:7,(anonymous_0)
FNF:1
FNH:0
FNDA:0,(anonymous_0)
DA:7,1
LF:1
LH:1
BRF:0
BRH:0
end_of_record
TN:
SF:/Users/andeladeveloper/Documents/AndelaProjects/DocManager/client/components/presentation/Authenticate.jsx
FN:13,(anonymous_0)
FN:19,(anonymous_1)
FN:29,(anonymous_2)
FN:35,(anonymous_3)
FN:44,(anonymous_4)
FN:53,(anonymous_5)
FN:61,(anonymous_6)
FNF:7
FNH:0
FNDA:0,(anonymous_0)
FNDA:0,(anonymous_1)
FNDA:0,(anonymous_2)
FNDA:0,(anonymous_3)
FNDA:0,(anonymous_4)
FNDA:0,(anonymous_5)
FNDA:0,(anonymous_6)
DA:13,1
DA:14,0
DA:15,0
DA:16,0
DA:17,0
DA:18,0
DA:19,0
DA:20,0
DA:29,1
DA:30,0
DA:31,0
DA:32,0
DA:33,0
DA:34,0
DA:35,0
DA:36,0
DA:44,1
DA:46,0
DA:53,0
DA:61,0
DA:88,1
LF:21
LH:4
BRF:0
BRH:0
end_of_record
TN:
SF:/Users/andeladeveloper/Documents/AndelaProjects/DocManager/client/components/presentation/DocumentPreview.jsx
FN:13,(anonymous_0)
FN:25,(anonymous_1)
FN:25,(anonymous_2)
FN:27,(anonymous_3)
FN:36,(anonymous_4)
FN:54,(anonymous_5)
FN:65,(anonymous_6)
FN:69,(anonymous_7)
FN:86,(anonymous_8)
FN:89,(anonymous_9)
FN:111,(anonymous_10)
FN:132,(anonymous_11)
FNF:12
FNH:7
FNDA:1,(anonymous_0)
FNDA:0,(anonymous_1)
FNDA:0,(anonymous_2)
FNDA:0,(anonymous_3)
FNDA:0,(anonymous_4)
FNDA:1,(anonymous_5)
FNDA:8,(anonymous_6)
FNDA:8,(anonymous_7)
FNDA:2,(anonymous_8)
FNDA:2,(anonymous_9)
FNDA:1,(anonymous_10)
FNDA:0,(anonymous_11)
DA:13,2
DA:14,1
DA:25,0
DA:26,0
DA:28,0
DA:29,0
DA:31,0
DA:37,0
DA:54,2
DA:56,1
DA:57,1
DA:58,1
DA:65,2
DA:69,8
DA:87,2
DA:88,2
DA:90,2
DA:91,0
DA:93,0
DA:112,1
DA:113,1
DA:121,8
DA:133,0
DA:141,2
LF:24
LH:15
BRDA:28,0,0,0
BRDA:28,0,1,0
BRDA:90,1,0,0
BRDA:90,1,1,0
BRDA:102,2,0,3
BRDA:102,2,1,5
BRDA:106,3,0,0
BRDA:106,3,1,8
BRDA:106,4,0,8
BRDA:106,4,1,8
BRDA:106,4,2,8
BRDA:115,5,0,5
BRDA:115,5,1,3
BRDA:126,6,0,0
BRDA:126,6,1,8
BRF:15
BRH:9
end_of_record
TN:
SF:/Users/andeladeveloper/Documents/AndelaProjects/DocManager/client/components/presentation/DocumentView.jsx
FN:7,(anonymous_0)
FNF:1
FNH:1
FNDA:2,(anonymous_0)
DA:7,1
DA:10,2
DA:38,2
DA:45,1
LF:4
LH:4
BRDA:10,0,0,1
BRDA:10,0,1,1
BRF:2
BRH:2
end_of_record
TN:
SF:/Users/andeladeveloper/Documents/AndelaProjects/DocManager/client/components/presentation/ErrorPage.jsx
FN:3,(anonymous_0)
FNF:1
FNH:1
FNDA:1,(anonymous_0)
DA:3,1
DA:4,1
LF:2
LH:2
BRF:0
BRH:0
end_of_record
TN:
SF:/Users/andeladeveloper/Documents/AndelaProjects/DocManager/client/components/presentation/Home.jsx
FN:9,(anonymous_0)
FNF:1
FNH:1
FNDA:1,(anonymous_0)
DA:9,1
DA:10,1
LF:2
LH:2
BRF:0
BRH:0
end_of_record
TN:
SF:/Users/andeladeveloper/Documents/AndelaProjects/DocManager/client/components/presentation/ReadDocument.jsx
FN:10,(anonymous_0)
FN:18,(anonymous_1)
FN:27,(anonymous_2)
FN:47,(anonymous_3)
FN:51,(anonymous_4)
FN:59,(anonymous_5)
FN:86,(anonymous_6)
FN:96,(anonymous_7)
FN:98,(anonymous_8)
FN:107,(anonymous_9)
FNF:10
FNH:7
FNDA:1,(anonymous_0)
FNDA:1,(anonymous_1)
FNDA:1,(anonymous_2)
FNDA:0,(anonymous_3)
FNDA:1,(anonymous_4)
FNDA:1,(anonymous_5)
FNDA:0,(anonymous_6)
FNDA:1,(anonymous_7)
FNDA:0,(anonymous_8)
FNDA:1,(anonymous_9)
DA:8,1
DA:9,1
DA:10,1
DA:11,1
DA:12,1
DA:13,1
DA:14,1
DA:18,1
DA:19,1
DA:20,1
DA:21,1
DA:23,1
DA:24,0
DA:26,1
DA:28,1
DA:29,0
DA:35,0
DA:37,0
DA:47,1
DA:48,0
DA:51,1
DA:54,1
DA:60,1
DA:87,0
DA:88,0
DA:97,1
DA:98,1
DA:99,1
DA:100,1
DA:108,1
DA:109,1
DA:110,1
DA:117,1
LF:33
LH:26
BRDA:11,0,0,1
BRDA:11,0,1,0
BRDA:20,1,0,1
BRDA:20,1,1,0
BRDA:23,2,0,0
BRDA:23,2,1,1
BRDA:28,3,0,0
BRDA:28,3,1,0
BRDA:93,4,0,1
BRDA:93,4,1,0
BRDA:93,5,0,1
BRDA:93,5,1,0
BRDA:93,5,2,0
BRF:13
BRH:5
end_of_record
TN:
SF:/Users/andeladeveloper/Documents/AndelaProjects/DocManager/client/components/presentation/Search.jsx
FN:5,(anonymous_0)
FN:10,(anonymous_1)
FNF:2
FNH:2
FNDA:2,(anonymous_0)
FNDA:1,(anonymous_1)
DA:5,2
DA:6,2
DA:11,1
DA:12,1
DA:20,2
LF:5
LH:5
BRF:0
BRH:0
end_of_record
TN:
SF:/Users/andeladeveloper/Documents/AndelaProjects/DocManager/client/components/presentation/SigninForm.jsx
FN:18,(anonymous_0)
FN:27,(anonymous_1)
FN:48,(anonymous_2)
FN:56,(anonymous_3)
FNF:4
FNH:4
FNDA:1,(anonymous_0)
FNDA:1,(anonymous_1)
FNDA:2,(anonymous_2)
FNDA:1,(anonymous_3)
DA:18,2
DA:20,1
DA:22,1
DA:23,1
DA:24,1
DA:26,1
DA:28,1
DA:29,0
DA:30,0
DA:32,0
DA:48,2
DA:50,2
DA:57,1
DA:62,2
LF:14
LH:11
BRDA:28,0,0,0
BRDA:28,0,1,0
BRF:2
BRH:0
end_of_record
TN:
SF:/Users/andeladeveloper/Documents/AndelaProjects/DocManager/client/components/presentation/SignupForm.jsx
FN:16,(anonymous_0)
FN:30,(anonymous_1)
FN:56,(anonymous_2)
FN:124,(anonymous_3)
FNF:4
FNH:4
FNDA:1,(anonymous_0)
FNDA:1,(anonymous_1)
FNDA:2,(anonymous_2)
FNDA:1,(anonymous_3)
DA:16,2
DA:17,1
DA:18,1
DA:19,1
DA:20,1
DA:21,1
DA:22,1
DA:24,1
DA:25,1
DA:27,1
DA:28,1
DA:29,1
DA:31,1
DA:32,0
DA:33,0
DA:35,0
DA:44,0
DA:56,2
DA:58,2
DA:124,1
DA:129,2
LF:21
LH:17
BRDA:28,0,0,1
BRDA:28,0,1,0
BRDA:31,1,0,0
BRDA:31,1,1,0
BRF:4
BRH:1
end_of_record
TN:
SF:/Users/andeladeveloper/Documents/AndelaProjects/DocManager/client/components/presentation/UserView.jsx
FN:6,(anonymous_0)
FN:17,(anonymous_1)
FN:36,(anonymous_2)
FN:58,(anonymous_3)
FN:106,(anonymous_4)
FN:108,(anonymous_5)
FN:116,(anonymous_6)
FN:118,(anonymous_7)
FNF:8
FNH:6
FNDA:1,(anonymous_0)
FNDA:1,(anonymous_1)
FNDA:2,(anonymous_2)
FNDA:1,(anonymous_3)
FNDA:1,(anonymous_4)
FNDA:0,(anonymous_5)
FNDA:1,(anonymous_6)
FNDA:0,(anonymous_7)
DA:6,1
DA:7,1
DA:8,1
DA:9,1
DA:11,1
DA:12,1
DA:14,1
DA:15,1
DA:17,1
DA:18,1
DA:19,0
DA:26,1
DA:36,1
DA:38,2
DA:59,1
DA:107,1
DA:108,1
DA:109,1
DA:110,1
DA:117,1
DA:118,1
DA:119,1
DA:120,1
DA:127,1
LF:24
LH:23
BRDA:8,0,0,1
BRDA:8,0,1,0
BRDA:11,1,0,1
BRDA:11,1,1,0
BRDA:14,2,0,1
BRDA:14,2,1,0
BRDA:18,3,0,0
BRDA:18,3,1,1
BRF:8
BRH:4
end_of_record
TN:
SF:/Users/andeladeveloper/Documents/AndelaProjects/DocManager/client/mockObjects/localStorage.js
FN:8,(anonymous_0)
FN:15,(anonymous_1)
FN:24,(anonymous_2)
FN:33,(anonymous_3)
FN:42,(anonymous_4)
FNF:5
FNH:4
FNDA:4,(anonymous_0)
FNDA:2,(anonymous_1)
FNDA:16,(anonymous_2)
FNDA:9,(anonymous_3)
FNDA:0,(anonymous_4)
DA:9,4
DA:16,2
DA:25,16
DA:34,9
DA:43,0
DA:47,4
LF:6
LH:5
BRF:0
BRH:0
end_of_record
TN:
SF:/Users/andeladeveloper/Documents/AndelaProjects/DocManager/client/reducers/documentReducers.js
FN:11,(anonymous_0)
FN:42,(anonymous_1)
FN:98,(anonymous_2)
FN:121,(anonymous_3)
FNF:4
FNH:4
FNDA:5,(anonymous_0)
FNDA:13,(anonymous_1)
FNDA:44,(anonymous_2)
FNDA:2,(anonymous_3)
DA:11,1
DA:15,5
DA:17,1
DA:21,1
DA:25,2
DA:30,1
DA:42,1
DA:51,13
DA:53,2
DA:58,2
DA:64,1
DA:68,1
DA:72,2
DA:76,1
DA:80,3
DA:86,1
DA:98,1
DA:110,44
DA:112,2
DA:117,2
DA:121,2
DA:124,1
DA:129,3
DA:137,1
DA:143,1
DA:149,5
DA:157,2
DA:164,2
DA:171,4
DA:180,5
DA:188,2
DA:195,4
DA:204,0
DA:212,2
DA:219,4
DA:228,3
DA:235,1
LF:37
LH:36
BRDA:11,0,0,1
BRDA:15,1,0,1
BRDA:15,1,1,1
BRDA:15,1,2,2
BRDA:15,1,3,1
BRDA:42,2,0,1
BRDA:51,3,0,2
BRDA:51,3,1,2
BRDA:51,3,2,1
BRDA:51,3,3,1
BRDA:51,3,4,2
BRDA:51,3,5,1
BRDA:51,3,6,3
BRDA:51,3,7,1
BRDA:98,4,0,1
BRDA:110,5,0,2
BRDA:110,5,1,2
BRDA:110,5,2,1
BRDA:110,5,3,3
BRDA:110,5,4,1
BRDA:110,5,5,1
BRDA:110,5,6,5
BRDA:110,5,7,2
BRDA:110,5,8,2
BRDA:110,5,9,4
BRDA:110,5,10,5
BRDA:110,5,11,2
BRDA:110,5,12,4
BRDA:110,5,13,0
BRDA:110,5,14,2
BRDA:110,5,15,4
BRDA:110,5,16,3
BRDA:110,5,17,1
BRDA:132,6,0,3
BRDA:132,6,1,0
BRF:35
BRH:33
end_of_record
TN:
SF:/Users/andeladeveloper/Documents/AndelaProjects/DocManager/client/reducers/userReducers.js
FN:11,(anonymous_0)
FN:104,(anonymous_1)
FN:132,(anonymous_2)
FN:152,(anonymous_3)
FNF:4
FNH:3
FNDA:27,(anonymous_0)
FNDA:14,(anonymous_1)
FNDA:0,(anonymous_2)
FNDA:2,(anonymous_3)
DA:11,1
DA:24,27
DA:26,1
DA:30,2
DA:34,1
DA:38,1
DA:42,1
DA:46,6
DA:58,2
DA:64,3
DA:69,2
DA:74,4
DA:86,2
DA:92,2
DA:104,1
DA:111,14
DA:113,4
DA:118,4
DA:123,5
DA:131,0
DA:133,0
DA:134,0
DA:136,0
DA:140,1
DA:152,1
DA:156,2
DA:158,1
DA:162,0
DA:166,1
LF:29
LH:24
BRDA:11,0,0,1
BRDA:24,1,0,1
BRDA:24,1,1,2
BRDA:24,1,2,1
BRDA:24,1,3,1
BRDA:24,1,4,1
BRDA:24,1,5,6
BRDA:24,1,6,2
BRDA:24,1,7,3
BRDA:24,1,8,2
BRDA:24,1,9,4
BRDA:24,1,10,2
BRDA:24,1,11,2
BRDA:48,2,0,6
BRDA:48,2,1,0
BRDA:49,3,0,6
BRDA:49,3,1,0
BRDA:76,4,0,4
BRDA:76,4,1,0
BRDA:77,5,0,4
BRDA:77,5,1,0
BRDA:104,6,0,1
BRDA:111,7,0,4
BRDA:111,7,1,4
BRDA:111,7,2,5
BRDA:111,7,3,0
BRDA:111,7,4,1
BRDA:126,8,0,5
BRDA:126,8,1,0
BRDA:133,9,0,0
BRDA:133,9,1,0
BRDA:152,10,0,1
BRDA:156,11,0,1
BRDA:156,11,1,0
BRDA:156,11,2,1
BRF:35
BRH:26
end_of_record
